
*** Running vivado
    with args -log design_1_wrapper.vds -m64 -product Vivado -mode batch -messageDb vivado.pb -notrace -source design_1_wrapper.tcl



****** Vivado v2023.1 (64-bit)
  **** SW Build 3865809 on Sun May  7 15:05:29 MDT 2023
  **** IP Build 3864474 on Sun May  7 20:36:21 MDT 2023
  **** SharedData Build 3865790 on Sun May 07 13:33:03 MDT 2023
    ** Copyright 1986-2022 Xilinx, Inc. All Rights Reserved.
    ** Copyright 2022-2023 Advanced Micro Devices, Inc. All Rights Reserved.

source design_1_wrapper.tcl -notrace
INFO: [IP_Flow 19-234] Refreshing IP repositories
INFO: [IP_Flow 19-1704] No user IP repositories specified
INFO: [IP_Flow 19-2313] Loaded Vivado IP repository 'C:/Xilinx/Vivado/2023.1/data/ip'.
INFO: [IP_Flow 19-5107] Inferred bus interface 'reset' of definition 'xilinx.com:signal:reset:1.0' (from Xilinx Repository).
INFO: [IP_Flow 19-5107] Inferred bus interface 'reset' of definition 'xilinx.com:signal:reset:1.0' (from Xilinx Repository).
INFO: [IP_Flow 19-5107] Inferred bus interface 'reset' of definition 'xilinx.com:signal:reset:1.0' (from Xilinx Repository).
INFO: [IP_Flow 19-5107] Inferred bus interface 'clk' of definition 'xilinx.com:signal:clock:1.0' (from Xilinx Repository).
INFO: [IP_Flow 19-4728] Bus Interface 'clk': Added interface parameter 'ASSOCIATED_RESET' with value 'reset'.
WARNING: [IP_Flow 19-5661] Bus Interface 'clk' does not have any bus interfaces associated with it.
WARNING: [IP_Flow 19-11770] Clock interface 'clk' has no FREQ_HZ parameter.
INFO: [IP_Flow 19-5107] Inferred bus interface 'RST' of definition 'xilinx.com:signal:reset:1.0' (from Xilinx Repository).
INFO: [IP_Flow 19-5107] Inferred bus interface 'CLK' of definition 'xilinx.com:signal:clock:1.0' (from Xilinx Repository).
INFO: [IP_Flow 19-4728] Bus Interface 'CLK': Added interface parameter 'ASSOCIATED_RESET' with value 'RST'.
WARNING: [IP_Flow 19-5661] Bus Interface 'CLK' does not have any bus interfaces associated with it.
WARNING: [IP_Flow 19-11770] Clock interface 'CLK' has no FREQ_HZ parameter.
INFO: [IP_Flow 19-5107] Inferred bus interface 'reset' of definition 'xilinx.com:signal:reset:1.0' (from Xilinx Repository).
INFO: [IP_Flow 19-5107] Inferred bus interface 'reset' of definition 'xilinx.com:signal:reset:1.0' (from Xilinx Repository).
INFO: [IP_Flow 19-5107] Inferred bus interface 'clk' of definition 'xilinx.com:signal:clock:1.0' (from Xilinx Repository).
INFO: [IP_Flow 19-4728] Bus Interface 'clk': Added interface parameter 'ASSOCIATED_RESET' with value 'reset'.
WARNING: [IP_Flow 19-5661] Bus Interface 'clk' does not have any bus interfaces associated with it.
WARNING: [IP_Flow 19-11770] Clock interface 'clk' has no FREQ_HZ parameter.
add_files: Time (s): cpu = 00:00:01 ; elapsed = 00:00:05 . Memory (MB): peak = 1406.727 ; gain = 29.113
Command: read_checkpoint -auto_incremental -incremental D:/_code/Git/Fontys/Jaar_2/mo6-digitaal-totaal/mo6-digitaal-selfdriving-car.srcs/utils_1/imports/synth_1/controller_draadloos.dcp
INFO: [Vivado 12-5825] Read reference checkpoint from D:/_code/Git/Fontys/Jaar_2/mo6-digitaal-totaal/mo6-digitaal-selfdriving-car.srcs/utils_1/imports/synth_1/controller_draadloos.dcp for incremental synthesis
INFO: [Vivado 12-7989] Please ensure there are no constraint changes
Command: synth_design -top design_1_wrapper -part xc7z020clg400-1
Starting synth_design
Attempting to get a license for feature 'Synthesis' and/or device 'xc7z020'
INFO: [Common 17-349] Got license for feature 'Synthesis' and/or device 'xc7z020'
INFO: [Device 21-403] Loading part xc7z020clg400-1
INFO: [Designutils 20-5440] No compile time benefit to using incremental synthesis; A full resynthesis will be run
INFO: [Designutils 20-4379] Flow is switching to default flow due to incremental criteria not met. If you would like to alter this behaviour and have the flow terminate instead, please set the following parameter config_implementation {autoIncr.Synth.RejectBehavior Terminate}
INFO: [Synth 8-7079] Multithreading enabled for synth_design using a maximum of 2 processes.
INFO: [Synth 8-7078] Launching helper process for spawning children vivado processes
INFO: [Synth 8-7075] Helper process launched with PID 40876
---------------------------------------------------------------------------------
Starting RTL Elaboration : Time (s): cpu = 00:00:02 ; elapsed = 00:00:04 . Memory (MB): peak = 2240.227 ; gain = 412.684
---------------------------------------------------------------------------------
INFO: [Synth 8-638] synthesizing module 'design_1_wrapper' [d:/_code/Git/Fontys/Jaar_2/mo6-digitaal-totaal/mo6-digitaal-selfdriving-car.gen/sources_1/bd/design_1/hdl/design_1_wrapper.vhd:37]
INFO: [Synth 8-3491] module 'design_1' declared at 'd:/_code/Git/Fontys/Jaar_2/mo6-digitaal-totaal/mo6-digitaal-selfdriving-car.gen/sources_1/bd/design_1/synth/design_1.vhd:177' bound to instance 'design_1_i' of component 'design_1' [d:/_code/Git/Fontys/Jaar_2/mo6-digitaal-totaal/mo6-digitaal-selfdriving-car.gen/sources_1/bd/design_1/hdl/design_1_wrapper.vhd:60]
INFO: [Synth 8-638] synthesizing module 'design_1' [d:/_code/Git/Fontys/Jaar_2/mo6-digitaal-totaal/mo6-digitaal-selfdriving-car.gen/sources_1/bd/design_1/synth/design_1.vhd:203]
INFO: [Synth 8-3491] module 'design_1_aanraking_herkennen_0_0' declared at 'd:/_code/Git/Fontys/Jaar_2/mo6-digitaal-totaal/mo6-digitaal-selfdriving-car.gen/sources_1/bd/design_1/ip/design_1_aanraking_herkennen_0_0/synth/design_1_aanraking_herkennen_0_0.vhd:56' bound to instance 'aanraking_herkennen_0' of component 'design_1_aanraking_herkennen_0_0' [d:/_code/Git/Fontys/Jaar_2/mo6-digitaal-totaal/mo6-digitaal-selfdriving-car.gen/sources_1/bd/design_1/synth/design_1.vhd:415]
INFO: [Synth 8-638] synthesizing module 'design_1_aanraking_herkennen_0_0' [d:/_code/Git/Fontys/Jaar_2/mo6-digitaal-totaal/mo6-digitaal-selfdriving-car.gen/sources_1/bd/design_1/ip/design_1_aanraking_herkennen_0_0/synth/design_1_aanraking_herkennen_0_0.vhd:74]
INFO: [Synth 8-3491] module 'aanraking_herkennen' declared at 'D:/_code/Git/Fontys/Jaar_2/mo6-digitaal-totaal/mo6-digitaal-selfdriving-car.srcs/sources_1/new/aanraking_herkennen.vhd:7' bound to instance 'U0' of component 'aanraking_herkennen' [d:/_code/Git/Fontys/Jaar_2/mo6-digitaal-totaal/mo6-digitaal-selfdriving-car.gen/sources_1/bd/design_1/ip/design_1_aanraking_herkennen_0_0/synth/design_1_aanraking_herkennen_0_0.vhd:103]
INFO: [Synth 8-638] synthesizing module 'aanraking_herkennen' [D:/_code/Git/Fontys/Jaar_2/mo6-digitaal-totaal/mo6-digitaal-selfdriving-car.srcs/sources_1/new/aanraking_herkennen.vhd:25]
INFO: [Synth 8-256] done synthesizing module 'aanraking_herkennen' (0#1) [D:/_code/Git/Fontys/Jaar_2/mo6-digitaal-totaal/mo6-digitaal-selfdriving-car.srcs/sources_1/new/aanraking_herkennen.vhd:25]
INFO: [Synth 8-256] done synthesizing module 'design_1_aanraking_herkennen_0_0' (0#1) [d:/_code/Git/Fontys/Jaar_2/mo6-digitaal-totaal/mo6-digitaal-selfdriving-car.gen/sources_1/bd/design_1/ip/design_1_aanraking_herkennen_0_0/synth/design_1_aanraking_herkennen_0_0.vhd:74]
INFO: [Synth 8-3491] module 'design_1_beeld_generator_0_0' declared at 'd:/_code/Git/Fontys/Jaar_2/mo6-digitaal-totaal/mo6-digitaal-selfdriving-car.gen/sources_1/bd/design_1/ip/design_1_beeld_generator_0_0/synth/design_1_beeld_generator_0_0.vhd:56' bound to instance 'beeld_generator_0' of component 'design_1_beeld_generator_0_0' [d:/_code/Git/Fontys/Jaar_2/mo6-digitaal-totaal/mo6-digitaal-selfdriving-car.gen/sources_1/bd/design_1/synth/design_1.vhd:431]
INFO: [Synth 8-638] synthesizing module 'design_1_beeld_generator_0_0' [d:/_code/Git/Fontys/Jaar_2/mo6-digitaal-totaal/mo6-digitaal-selfdriving-car.gen/sources_1/bd/design_1/ip/design_1_beeld_generator_0_0/synth/design_1_beeld_generator_0_0.vhd:71]
INFO: [Synth 8-3491] module 'beeld_generator' declared at 'D:/_code/Git/Fontys/Jaar_2/mo6-digitaal-totaal/mo6-digitaal-selfdriving-car.srcs/sources_1/new/beeld_generator.vhd:5' bound to instance 'U0' of component 'beeld_generator' [d:/_code/Git/Fontys/Jaar_2/mo6-digitaal-totaal/mo6-digitaal-selfdriving-car.gen/sources_1/bd/design_1/ip/design_1_beeld_generator_0_0/synth/design_1_beeld_generator_0_0.vhd:103]
INFO: [Synth 8-638] synthesizing module 'beeld_generator' [D:/_code/Git/Fontys/Jaar_2/mo6-digitaal-totaal/mo6-digitaal-selfdriving-car.srcs/sources_1/new/beeld_generator.vhd:14]
INFO: [Synth 8-256] done synthesizing module 'beeld_generator' (0#1) [D:/_code/Git/Fontys/Jaar_2/mo6-digitaal-totaal/mo6-digitaal-selfdriving-car.srcs/sources_1/new/beeld_generator.vhd:14]
INFO: [Synth 8-256] done synthesizing module 'design_1_beeld_generator_0_0' (0#1) [d:/_code/Git/Fontys/Jaar_2/mo6-digitaal-totaal/mo6-digitaal-selfdriving-car.gen/sources_1/bd/design_1/ip/design_1_beeld_generator_0_0/synth/design_1_beeld_generator_0_0.vhd:71]
INFO: [Synth 8-3491] module 'design_1_scherm_breedte_2' declared at 'd:/_code/Git/Fontys/Jaar_2/mo6-digitaal-totaal/mo6-digitaal-selfdriving-car.gen/sources_1/bd/design_1/ip/design_1_scherm_breedte_2/synth/design_1_scherm_breedte_2.v:53' bound to instance 'breedte_peddels' of component 'design_1_scherm_breedte_2' [d:/_code/Git/Fontys/Jaar_2/mo6-digitaal-totaal/mo6-digitaal-selfdriving-car.gen/sources_1/bd/design_1/synth/design_1.vhd:444]
INFO: [Synth 8-6157] synthesizing module 'design_1_scherm_breedte_2' [d:/_code/Git/Fontys/Jaar_2/mo6-digitaal-totaal/mo6-digitaal-selfdriving-car.gen/sources_1/bd/design_1/ip/design_1_scherm_breedte_2/synth/design_1_scherm_breedte_2.v:53]
INFO: [Synth 8-6157] synthesizing module 'xlconstant_v1_1_7_xlconstant' [d:/_code/Git/Fontys/Jaar_2/mo6-digitaal-totaal/mo6-digitaal-selfdriving-car.gen/sources_1/bd/design_1/ipshared/b0f2/hdl/xlconstant_v1_1_vl_rfs.v:23]
INFO: [Synth 8-6155] done synthesizing module 'xlconstant_v1_1_7_xlconstant' (0#1) [d:/_code/Git/Fontys/Jaar_2/mo6-digitaal-totaal/mo6-digitaal-selfdriving-car.gen/sources_1/bd/design_1/ipshared/b0f2/hdl/xlconstant_v1_1_vl_rfs.v:23]
INFO: [Synth 8-6155] done synthesizing module 'design_1_scherm_breedte_2' (0#1) [d:/_code/Git/Fontys/Jaar_2/mo6-digitaal-totaal/mo6-digitaal-selfdriving-car.gen/sources_1/bd/design_1/ip/design_1_scherm_breedte_2/synth/design_1_scherm_breedte_2.v:53]
INFO: [Synth 8-3491] module 'design_1_xlconstant_0_0' declared at 'd:/_code/Git/Fontys/Jaar_2/mo6-digitaal-totaal/mo6-digitaal-selfdriving-car.gen/sources_1/bd/design_1/ip/design_1_xlconstant_0_0/synth/design_1_xlconstant_0_0.v:53' bound to instance 'breedte_scherm' of component 'design_1_xlconstant_0_0' [d:/_code/Git/Fontys/Jaar_2/mo6-digitaal-totaal/mo6-digitaal-selfdriving-car.gen/sources_1/bd/design_1/synth/design_1.vhd:448]
INFO: [Synth 8-6157] synthesizing module 'design_1_xlconstant_0_0' [d:/_code/Git/Fontys/Jaar_2/mo6-digitaal-totaal/mo6-digitaal-selfdriving-car.gen/sources_1/bd/design_1/ip/design_1_xlconstant_0_0/synth/design_1_xlconstant_0_0.v:53]
INFO: [Synth 8-6157] synthesizing module 'xlconstant_v1_1_7_xlconstant__parameterized0' [d:/_code/Git/Fontys/Jaar_2/mo6-digitaal-totaal/mo6-digitaal-selfdriving-car.gen/sources_1/bd/design_1/ipshared/b0f2/hdl/xlconstant_v1_1_vl_rfs.v:23]
INFO: [Synth 8-6155] done synthesizing module 'xlconstant_v1_1_7_xlconstant__parameterized0' (0#1) [d:/_code/Git/Fontys/Jaar_2/mo6-digitaal-totaal/mo6-digitaal-selfdriving-car.gen/sources_1/bd/design_1/ipshared/b0f2/hdl/xlconstant_v1_1_vl_rfs.v:23]
INFO: [Synth 8-6155] done synthesizing module 'design_1_xlconstant_0_0' (0#1) [d:/_code/Git/Fontys/Jaar_2/mo6-digitaal-totaal/mo6-digitaal-selfdriving-car.gen/sources_1/bd/design_1/ip/design_1_xlconstant_0_0/synth/design_1_xlconstant_0_0.v:53]
INFO: [Synth 8-3491] module 'design_1_clk_divider_0_2' declared at 'd:/_code/Git/Fontys/Jaar_2/mo6-digitaal-totaal/mo6-digitaal-selfdriving-car.gen/sources_1/bd/design_1/ip/design_1_clk_divider_0_2/synth/design_1_clk_divider_0_2.vhd:56' bound to instance 'clk_divider_0' of component 'design_1_clk_divider_0_2' [d:/_code/Git/Fontys/Jaar_2/mo6-digitaal-totaal/mo6-digitaal-selfdriving-car.gen/sources_1/bd/design_1/synth/design_1.vhd:452]
INFO: [Synth 8-638] synthesizing module 'design_1_clk_divider_0_2' [d:/_code/Git/Fontys/Jaar_2/mo6-digitaal-totaal/mo6-digitaal-selfdriving-car.gen/sources_1/bd/design_1/ip/design_1_clk_divider_0_2/synth/design_1_clk_divider_0_2.vhd:64]
	Parameter division bound to: 750000 - type: integer 
INFO: [Synth 8-3491] module 'clk_divider' declared at 'D:/_code/Git/Fontys/Jaar_2/mo6-digitaal-totaal/mo6-digitaal-selfdriving-car.srcs/sources_1/new/clk_divider.vhd:9' bound to instance 'U0' of component 'clk_divider' [d:/_code/Git/Fontys/Jaar_2/mo6-digitaal-totaal/mo6-digitaal-selfdriving-car.gen/sources_1/bd/design_1/ip/design_1_clk_divider_0_2/synth/design_1_clk_divider_0_2.vhd:90]
INFO: [Synth 8-638] synthesizing module 'clk_divider' [D:/_code/Git/Fontys/Jaar_2/mo6-digitaal-totaal/mo6-digitaal-selfdriving-car.srcs/sources_1/new/clk_divider.vhd:18]
INFO: [Synth 8-256] done synthesizing module 'clk_divider' (0#1) [D:/_code/Git/Fontys/Jaar_2/mo6-digitaal-totaal/mo6-digitaal-selfdriving-car.srcs/sources_1/new/clk_divider.vhd:18]
INFO: [Synth 8-256] done synthesizing module 'design_1_clk_divider_0_2' (0#1) [d:/_code/Git/Fontys/Jaar_2/mo6-digitaal-totaal/mo6-digitaal-selfdriving-car.gen/sources_1/bd/design_1/ip/design_1_clk_divider_0_2/synth/design_1_clk_divider_0_2.vhd:64]
INFO: [Synth 8-3491] module 'design_1_clk_wiz_0_0' declared at 'd:/_code/Git/Fontys/Jaar_2/mo6-digitaal-totaal/mo6-digitaal-selfdriving-car.gen/sources_1/bd/design_1/ip/design_1_clk_wiz_0_0/design_1_clk_wiz_0_0.v:69' bound to instance 'clk_wiz_0' of component 'design_1_clk_wiz_0_0' [d:/_code/Git/Fontys/Jaar_2/mo6-digitaal-totaal/mo6-digitaal-selfdriving-car.gen/sources_1/bd/design_1/synth/design_1.vhd:458]
INFO: [Synth 8-6157] synthesizing module 'design_1_clk_wiz_0_0' [d:/_code/Git/Fontys/Jaar_2/mo6-digitaal-totaal/mo6-digitaal-selfdriving-car.gen/sources_1/bd/design_1/ip/design_1_clk_wiz_0_0/design_1_clk_wiz_0_0.v:69]
INFO: [Synth 8-6157] synthesizing module 'design_1_clk_wiz_0_0_clk_wiz' [d:/_code/Git/Fontys/Jaar_2/mo6-digitaal-totaal/mo6-digitaal-selfdriving-car.gen/sources_1/bd/design_1/ip/design_1_clk_wiz_0_0/design_1_clk_wiz_0_0_clk_wiz.v:69]
INFO: [Synth 8-6157] synthesizing module 'IBUF' [C:/Xilinx/Vivado/2023.1/scripts/rt/data/unisim_comp.v:71768]
INFO: [Synth 8-6155] done synthesizing module 'IBUF' (0#1) [C:/Xilinx/Vivado/2023.1/scripts/rt/data/unisim_comp.v:71768]
INFO: [Synth 8-6157] synthesizing module 'MMCME2_ADV' [C:/Xilinx/Vivado/2023.1/scripts/rt/data/unisim_comp.v:80311]
	Parameter BANDWIDTH bound to: OPTIMIZED - type: string 
	Parameter CLKFBOUT_MULT_F bound to: 8.000000 - type: double 
	Parameter CLKFBOUT_PHASE bound to: 0.000000 - type: double 
	Parameter CLKFBOUT_USE_FINE_PS bound to: FALSE - type: string 
	Parameter CLKIN1_PERIOD bound to: 8.000000 - type: double 
	Parameter CLKOUT0_DIVIDE_F bound to: 10.000000 - type: double 
	Parameter CLKOUT0_DUTY_CYCLE bound to: 0.500000 - type: double 
	Parameter CLKOUT0_PHASE bound to: 0.000000 - type: double 
	Parameter CLKOUT0_USE_FINE_PS bound to: FALSE - type: string 
	Parameter CLKOUT1_DIVIDE bound to: 20 - type: integer 
	Parameter CLKOUT1_DUTY_CYCLE bound to: 0.500000 - type: double 
	Parameter CLKOUT1_PHASE bound to: 0.000000 - type: double 
	Parameter CLKOUT1_USE_FINE_PS bound to: FALSE - type: string 
	Parameter CLKOUT4_CASCADE bound to: FALSE - type: string 
	Parameter COMPENSATION bound to: ZHOLD - type: string 
	Parameter DIVCLK_DIVIDE bound to: 1 - type: integer 
	Parameter STARTUP_WAIT bound to: FALSE - type: string 
INFO: [Synth 8-6155] done synthesizing module 'MMCME2_ADV' (0#1) [C:/Xilinx/Vivado/2023.1/scripts/rt/data/unisim_comp.v:80311]
INFO: [Synth 8-6157] synthesizing module 'BUFG' [C:/Xilinx/Vivado/2023.1/scripts/rt/data/unisim_comp.v:1519]
INFO: [Synth 8-6155] done synthesizing module 'BUFG' (0#1) [C:/Xilinx/Vivado/2023.1/scripts/rt/data/unisim_comp.v:1519]
INFO: [Synth 8-6155] done synthesizing module 'design_1_clk_wiz_0_0_clk_wiz' (0#1) [d:/_code/Git/Fontys/Jaar_2/mo6-digitaal-totaal/mo6-digitaal-selfdriving-car.gen/sources_1/bd/design_1/ip/design_1_clk_wiz_0_0/design_1_clk_wiz_0_0_clk_wiz.v:69]
INFO: [Synth 8-6155] done synthesizing module 'design_1_clk_wiz_0_0' (0#1) [d:/_code/Git/Fontys/Jaar_2/mo6-digitaal-totaal/mo6-digitaal-selfdriving-car.gen/sources_1/bd/design_1/ip/design_1_clk_wiz_0_0/design_1_clk_wiz_0_0.v:69]
INFO: [Synth 8-3491] module 'design_1_scherm_breedte_3' declared at 'd:/_code/Git/Fontys/Jaar_2/mo6-digitaal-totaal/mo6-digitaal-selfdriving-car.gen/sources_1/bd/design_1/ip/design_1_scherm_breedte_3/synth/design_1_scherm_breedte_3.v:53' bound to instance 'grootte_balletje' of component 'design_1_scherm_breedte_3' [d:/_code/Git/Fontys/Jaar_2/mo6-digitaal-totaal/mo6-digitaal-selfdriving-car.gen/sources_1/bd/design_1/synth/design_1.vhd:465]
INFO: [Synth 8-6157] synthesizing module 'design_1_scherm_breedte_3' [d:/_code/Git/Fontys/Jaar_2/mo6-digitaal-totaal/mo6-digitaal-selfdriving-car.gen/sources_1/bd/design_1/ip/design_1_scherm_breedte_3/synth/design_1_scherm_breedte_3.v:53]
INFO: [Synth 8-6157] synthesizing module 'xlconstant_v1_1_7_xlconstant__parameterized1' [d:/_code/Git/Fontys/Jaar_2/mo6-digitaal-totaal/mo6-digitaal-selfdriving-car.gen/sources_1/bd/design_1/ipshared/b0f2/hdl/xlconstant_v1_1_vl_rfs.v:23]
INFO: [Synth 8-6155] done synthesizing module 'xlconstant_v1_1_7_xlconstant__parameterized1' (0#1) [d:/_code/Git/Fontys/Jaar_2/mo6-digitaal-totaal/mo6-digitaal-selfdriving-car.gen/sources_1/bd/design_1/ipshared/b0f2/hdl/xlconstant_v1_1_vl_rfs.v:23]
INFO: [Synth 8-6155] done synthesizing module 'design_1_scherm_breedte_3' (0#1) [d:/_code/Git/Fontys/Jaar_2/mo6-digitaal-totaal/mo6-digitaal-selfdriving-car.gen/sources_1/bd/design_1/ip/design_1_scherm_breedte_3/synth/design_1_scherm_breedte_3.v:53]
INFO: [Synth 8-3491] module 'design_1_scherm_breedte_1' declared at 'd:/_code/Git/Fontys/Jaar_2/mo6-digitaal-totaal/mo6-digitaal-selfdriving-car.gen/sources_1/bd/design_1/ip/design_1_scherm_breedte_1/synth/design_1_scherm_breedte_1.v:53' bound to instance 'hoogte_peddels' of component 'design_1_scherm_breedte_1' [d:/_code/Git/Fontys/Jaar_2/mo6-digitaal-totaal/mo6-digitaal-selfdriving-car.gen/sources_1/bd/design_1/synth/design_1.vhd:469]
INFO: [Synth 8-6157] synthesizing module 'design_1_scherm_breedte_1' [d:/_code/Git/Fontys/Jaar_2/mo6-digitaal-totaal/mo6-digitaal-selfdriving-car.gen/sources_1/bd/design_1/ip/design_1_scherm_breedte_1/synth/design_1_scherm_breedte_1.v:53]
INFO: [Synth 8-6157] synthesizing module 'xlconstant_v1_1_7_xlconstant__parameterized2' [d:/_code/Git/Fontys/Jaar_2/mo6-digitaal-totaal/mo6-digitaal-selfdriving-car.gen/sources_1/bd/design_1/ipshared/b0f2/hdl/xlconstant_v1_1_vl_rfs.v:23]
INFO: [Synth 8-6155] done synthesizing module 'xlconstant_v1_1_7_xlconstant__parameterized2' (0#1) [d:/_code/Git/Fontys/Jaar_2/mo6-digitaal-totaal/mo6-digitaal-selfdriving-car.gen/sources_1/bd/design_1/ipshared/b0f2/hdl/xlconstant_v1_1_vl_rfs.v:23]
INFO: [Synth 8-6155] done synthesizing module 'design_1_scherm_breedte_1' (0#1) [d:/_code/Git/Fontys/Jaar_2/mo6-digitaal-totaal/mo6-digitaal-selfdriving-car.gen/sources_1/bd/design_1/ip/design_1_scherm_breedte_1/synth/design_1_scherm_breedte_1.v:53]
INFO: [Synth 8-3491] module 'design_1_scherm_breedte_0' declared at 'd:/_code/Git/Fontys/Jaar_2/mo6-digitaal-totaal/mo6-digitaal-selfdriving-car.gen/sources_1/bd/design_1/ip/design_1_scherm_breedte_0/synth/design_1_scherm_breedte_0.v:53' bound to instance 'hoogte_scherm' of component 'design_1_scherm_breedte_0' [d:/_code/Git/Fontys/Jaar_2/mo6-digitaal-totaal/mo6-digitaal-selfdriving-car.gen/sources_1/bd/design_1/synth/design_1.vhd:473]
INFO: [Synth 8-6157] synthesizing module 'design_1_scherm_breedte_0' [d:/_code/Git/Fontys/Jaar_2/mo6-digitaal-totaal/mo6-digitaal-selfdriving-car.gen/sources_1/bd/design_1/ip/design_1_scherm_breedte_0/synth/design_1_scherm_breedte_0.v:53]
INFO: [Synth 8-6157] synthesizing module 'xlconstant_v1_1_7_xlconstant__parameterized3' [d:/_code/Git/Fontys/Jaar_2/mo6-digitaal-totaal/mo6-digitaal-selfdriving-car.gen/sources_1/bd/design_1/ipshared/b0f2/hdl/xlconstant_v1_1_vl_rfs.v:23]
INFO: [Synth 8-6155] done synthesizing module 'xlconstant_v1_1_7_xlconstant__parameterized3' (0#1) [d:/_code/Git/Fontys/Jaar_2/mo6-digitaal-totaal/mo6-digitaal-selfdriving-car.gen/sources_1/bd/design_1/ipshared/b0f2/hdl/xlconstant_v1_1_vl_rfs.v:23]
INFO: [Synth 8-6155] done synthesizing module 'design_1_scherm_breedte_0' (0#1) [d:/_code/Git/Fontys/Jaar_2/mo6-digitaal-totaal/mo6-digitaal-selfdriving-car.gen/sources_1/bd/design_1/ip/design_1_scherm_breedte_0/synth/design_1_scherm_breedte_0.v:53]
INFO: [Synth 8-3491] module 'design_1_object_positie_1_0' declared at 'd:/_code/Git/Fontys/Jaar_2/mo6-digitaal-totaal/mo6-digitaal-selfdriving-car.gen/sources_1/bd/design_1/ip/design_1_object_positie_1_0/synth/design_1_object_positie_1_0.vhd:56' bound to instance 'object_positie_1' of component 'design_1_object_positie_1_0' [d:/_code/Git/Fontys/Jaar_2/mo6-digitaal-totaal/mo6-digitaal-selfdriving-car.gen/sources_1/bd/design_1/synth/design_1.vhd:477]
INFO: [Synth 8-638] synthesizing module 'design_1_object_positie_1_0' [d:/_code/Git/Fontys/Jaar_2/mo6-digitaal-totaal/mo6-digitaal-selfdriving-car.gen/sources_1/bd/design_1/ip/design_1_object_positie_1_0/synth/design_1_object_positie_1_0.vhd:71]
	Parameter offset bound to: 10 - type: integer 
INFO: [Synth 8-3491] module 'object_positie' declared at 'D:/_code/Git/Fontys/Jaar_2/mo6-digitaal-totaal/mo6-digitaal-selfdriving-car.srcs/sources_1/new/positie_object.vhd:5' bound to instance 'U0' of component 'object_positie' [d:/_code/Git/Fontys/Jaar_2/mo6-digitaal-totaal/mo6-digitaal-selfdriving-car.gen/sources_1/bd/design_1/ip/design_1_object_positie_1_0/synth/design_1_object_positie_1_0.vhd:100]
INFO: [Synth 8-638] synthesizing module 'object_positie' [D:/_code/Git/Fontys/Jaar_2/mo6-digitaal-totaal/mo6-digitaal-selfdriving-car.srcs/sources_1/new/positie_object.vhd:23]
INFO: [Synth 8-256] done synthesizing module 'object_positie' (0#1) [D:/_code/Git/Fontys/Jaar_2/mo6-digitaal-totaal/mo6-digitaal-selfdriving-car.srcs/sources_1/new/positie_object.vhd:23]
INFO: [Synth 8-256] done synthesizing module 'design_1_object_positie_1_0' (0#1) [d:/_code/Git/Fontys/Jaar_2/mo6-digitaal-totaal/mo6-digitaal-selfdriving-car.gen/sources_1/bd/design_1/ip/design_1_object_positie_1_0/synth/design_1_object_positie_1_0.vhd:71]
INFO: [Synth 8-638] synthesizing module 'ontvangen_controllers_imp_RFQXIP' [d:/_code/Git/Fontys/Jaar_2/mo6-digitaal-totaal/mo6-digitaal-selfdriving-car.gen/sources_1/bd/design_1/synth/design_1.vhd:34]
INFO: [Synth 8-3491] module 'design_1_clk_divider_0_0' declared at 'd:/_code/Git/Fontys/Jaar_2/mo6-digitaal-totaal/mo6-digitaal-selfdriving-car.gen/sources_1/bd/design_1/ip/design_1_clk_divider_0_0/synth/design_1_clk_divider_0_0.vhd:56' bound to instance 'clk_divider_0' of component 'design_1_clk_divider_0_0' [d:/_code/Git/Fontys/Jaar_2/mo6-digitaal-totaal/mo6-digitaal-selfdriving-car.gen/sources_1/bd/design_1/synth/design_1.vhd:124]
INFO: [Synth 8-638] synthesizing module 'design_1_clk_divider_0_0' [d:/_code/Git/Fontys/Jaar_2/mo6-digitaal-totaal/mo6-digitaal-selfdriving-car.gen/sources_1/bd/design_1/ip/design_1_clk_divider_0_0/synth/design_1_clk_divider_0_0.vhd:64]
	Parameter division bound to: 200000 - type: integer 
INFO: [Synth 8-3491] module 'clk_divider' declared at 'D:/_code/Git/Fontys/Jaar_2/mo6-digitaal-totaal/mo6-digitaal-selfdriving-car.srcs/sources_1/new/clk_divider.vhd:9' bound to instance 'U0' of component 'clk_divider' [d:/_code/Git/Fontys/Jaar_2/mo6-digitaal-totaal/mo6-digitaal-selfdriving-car.gen/sources_1/bd/design_1/ip/design_1_clk_divider_0_0/synth/design_1_clk_divider_0_0.vhd:90]
INFO: [Synth 8-638] synthesizing module 'clk_divider__parameterized1' [D:/_code/Git/Fontys/Jaar_2/mo6-digitaal-totaal/mo6-digitaal-selfdriving-car.srcs/sources_1/new/clk_divider.vhd:18]
INFO: [Synth 8-256] done synthesizing module 'clk_divider__parameterized1' (0#1) [D:/_code/Git/Fontys/Jaar_2/mo6-digitaal-totaal/mo6-digitaal-selfdriving-car.srcs/sources_1/new/clk_divider.vhd:18]
INFO: [Synth 8-256] done synthesizing module 'design_1_clk_divider_0_0' (0#1) [d:/_code/Git/Fontys/Jaar_2/mo6-digitaal-totaal/mo6-digitaal-selfdriving-car.gen/sources_1/bd/design_1/ip/design_1_clk_divider_0_0/synth/design_1_clk_divider_0_0.vhd:64]
INFO: [Synth 8-3491] module 'design_1_controller_draadloos_0_0' declared at 'd:/_code/Git/Fontys/Jaar_2/mo6-digitaal-totaal/mo6-digitaal-selfdriving-car.gen/sources_1/bd/design_1/ip/design_1_controller_draadloos_0_0/synth/design_1_controller_draadloos_0_0.vhd:56' bound to instance 'controller_draadloos_0' of component 'design_1_controller_draadloos_0_0' [d:/_code/Git/Fontys/Jaar_2/mo6-digitaal-totaal/mo6-digitaal-selfdriving-car.gen/sources_1/bd/design_1/synth/design_1.vhd:130]
INFO: [Synth 8-638] synthesizing module 'design_1_controller_draadloos_0_0' [d:/_code/Git/Fontys/Jaar_2/mo6-digitaal-totaal/mo6-digitaal-selfdriving-car.gen/sources_1/bd/design_1/ip/design_1_controller_draadloos_0_0/synth/design_1_controller_draadloos_0_0.vhd:68]
INFO: [Synth 8-3491] module 'controller_draadloos' declared at 'D:/_code/Git/Fontys/Jaar_2/mo6-digitaal-totaal/mo6-digitaal-selfdriving-car.srcs/sources_1/new/controller_draadloos.vhd:7' bound to instance 'U0' of component 'controller_draadloos' [d:/_code/Git/Fontys/Jaar_2/mo6-digitaal-totaal/mo6-digitaal-selfdriving-car.gen/sources_1/bd/design_1/ip/design_1_controller_draadloos_0_0/synth/design_1_controller_draadloos_0_0.vhd:95]
INFO: [Synth 8-638] synthesizing module 'controller_draadloos' [D:/_code/Git/Fontys/Jaar_2/mo6-digitaal-totaal/mo6-digitaal-selfdriving-car.srcs/sources_1/new/controller_draadloos.vhd:19]
INFO: [Synth 8-256] done synthesizing module 'controller_draadloos' (0#1) [D:/_code/Git/Fontys/Jaar_2/mo6-digitaal-totaal/mo6-digitaal-selfdriving-car.srcs/sources_1/new/controller_draadloos.vhd:19]
INFO: [Synth 8-256] done synthesizing module 'design_1_controller_draadloos_0_0' (0#1) [d:/_code/Git/Fontys/Jaar_2/mo6-digitaal-totaal/mo6-digitaal-selfdriving-car.gen/sources_1/bd/design_1/ip/design_1_controller_draadloos_0_0/synth/design_1_controller_draadloos_0_0.vhd:68]
INFO: [Synth 8-3491] module 'design_1_controller_inductief_0_0' declared at 'd:/_code/Git/Fontys/Jaar_2/mo6-digitaal-totaal/mo6-digitaal-selfdriving-car.gen/sources_1/bd/design_1/ip/design_1_controller_inductief_0_0/synth/design_1_controller_inductief_0_0.vhd:56' bound to instance 'controller_inductief_0' of component 'design_1_controller_inductief_0_0' [d:/_code/Git/Fontys/Jaar_2/mo6-digitaal-totaal/mo6-digitaal-selfdriving-car.gen/sources_1/bd/design_1/synth/design_1.vhd:140]
INFO: [Synth 8-638] synthesizing module 'design_1_controller_inductief_0_0' [d:/_code/Git/Fontys/Jaar_2/mo6-digitaal-totaal/mo6-digitaal-selfdriving-car.gen/sources_1/bd/design_1/ip/design_1_controller_inductief_0_0/synth/design_1_controller_inductief_0_0.vhd:66]
INFO: [Synth 8-3491] module 'controller_inductief' declared at 'D:/_code/Git/Fontys/Jaar_2/mo6-digitaal-totaal/mo6-digitaal-selfdriving-car.srcs/sources_1/new/controller_inductief.vhd:7' bound to instance 'U0' of component 'controller_inductief' [d:/_code/Git/Fontys/Jaar_2/mo6-digitaal-totaal/mo6-digitaal-selfdriving-car.gen/sources_1/bd/design_1/ip/design_1_controller_inductief_0_0/synth/design_1_controller_inductief_0_0.vhd:93]
INFO: [Synth 8-638] synthesizing module 'controller_inductief' [D:/_code/Git/Fontys/Jaar_2/mo6-digitaal-totaal/mo6-digitaal-selfdriving-car.srcs/sources_1/new/controller_inductief.vhd:17]
WARNING: [Synth 8-614] signal 'value' is read in the process but is not in the sensitivity list [D:/_code/Git/Fontys/Jaar_2/mo6-digitaal-totaal/mo6-digitaal-selfdriving-car.srcs/sources_1/new/controller_inductief.vhd:72]
INFO: [Synth 8-256] done synthesizing module 'controller_inductief' (0#1) [D:/_code/Git/Fontys/Jaar_2/mo6-digitaal-totaal/mo6-digitaal-selfdriving-car.srcs/sources_1/new/controller_inductief.vhd:17]
INFO: [Synth 8-256] done synthesizing module 'design_1_controller_inductief_0_0' (0#1) [d:/_code/Git/Fontys/Jaar_2/mo6-digitaal-totaal/mo6-digitaal-selfdriving-car.gen/sources_1/bd/design_1/ip/design_1_controller_inductief_0_0/synth/design_1_controller_inductief_0_0.vhd:66]
INFO: [Synth 8-3491] module 'design_1_controller_interconn_0_0' declared at 'd:/_code/Git/Fontys/Jaar_2/mo6-digitaal-totaal/mo6-digitaal-selfdriving-car.gen/sources_1/bd/design_1/ip/design_1_controller_interconn_0_0/synth/design_1_controller_interconn_0_0.vhd:56' bound to instance 'controller_interconn_0' of component 'design_1_controller_interconn_0_0' [d:/_code/Git/Fontys/Jaar_2/mo6-digitaal-totaal/mo6-digitaal-selfdriving-car.gen/sources_1/bd/design_1/synth/design_1.vhd:148]
INFO: [Synth 8-638] synthesizing module 'design_1_controller_interconn_0_0' [d:/_code/Git/Fontys/Jaar_2/mo6-digitaal-totaal/mo6-digitaal-selfdriving-car.gen/sources_1/bd/design_1/ip/design_1_controller_interconn_0_0/synth/design_1_controller_interconn_0_0.vhd:73]
INFO: [Synth 8-3491] module 'controller_interconnect' declared at 'D:/_code/Git/Fontys/Jaar_2/mo6-digitaal-totaal/mo6-digitaal-selfdriving-car.srcs/sources_1/new/controller_interconnect.vhd:6' bound to instance 'U0' of component 'controller_interconnect' [d:/_code/Git/Fontys/Jaar_2/mo6-digitaal-totaal/mo6-digitaal-selfdriving-car.gen/sources_1/bd/design_1/ip/design_1_controller_interconn_0_0/synth/design_1_controller_interconn_0_0.vhd:101]
INFO: [Synth 8-638] synthesizing module 'controller_interconnect' [D:/_code/Git/Fontys/Jaar_2/mo6-digitaal-totaal/mo6-digitaal-selfdriving-car.srcs/sources_1/new/controller_interconnect.vhd:23]
INFO: [Synth 8-256] done synthesizing module 'controller_interconnect' (0#1) [D:/_code/Git/Fontys/Jaar_2/mo6-digitaal-totaal/mo6-digitaal-selfdriving-car.srcs/sources_1/new/controller_interconnect.vhd:23]
INFO: [Synth 8-256] done synthesizing module 'design_1_controller_interconn_0_0' (0#1) [d:/_code/Git/Fontys/Jaar_2/mo6-digitaal-totaal/mo6-digitaal-selfdriving-car.gen/sources_1/bd/design_1/ip/design_1_controller_interconn_0_0/synth/design_1_controller_interconn_0_0.vhd:73]
INFO: [Synth 8-3491] module 'design_1_controller_ultrasoon_0_0' declared at 'd:/_code/Git/Fontys/Jaar_2/mo6-digitaal-totaal/mo6-digitaal-selfdriving-car.gen/sources_1/bd/design_1/ip/design_1_controller_ultrasoon_0_0/synth/design_1_controller_ultrasoon_0_0.vhd:56' bound to instance 'controller_ultrasoon_0' of component 'design_1_controller_ultrasoon_0_0' [d:/_code/Git/Fontys/Jaar_2/mo6-digitaal-totaal/mo6-digitaal-selfdriving-car.gen/sources_1/bd/design_1/synth/design_1.vhd:163]
INFO: [Synth 8-638] synthesizing module 'design_1_controller_ultrasoon_0_0' [d:/_code/Git/Fontys/Jaar_2/mo6-digitaal-totaal/mo6-digitaal-selfdriving-car.gen/sources_1/bd/design_1/ip/design_1_controller_ultrasoon_0_0/synth/design_1_controller_ultrasoon_0_0.vhd:67]
	Parameter input_frequency bound to: 100000000 - type: integer 
	Parameter trigger_frequency bound to: 10 - type: integer 
	Parameter trigger_duration_precent bound to: 10 - type: integer 
	Parameter max_distance_mm bound to: 500 - type: integer 
	Parameter min_distance_mm bound to: 100 - type: integer 
INFO: [Synth 8-3491] module 'controller_ultrasoon' declared at 'D:/_code/Git/Fontys/Jaar_2/mo6-digitaal-totaal/mo6-digitaal-selfdriving-car.srcs/sources_1/new/controller_ultrasoon.vhd:8' bound to instance 'U0' of component 'controller_ultrasoon' [d:/_code/Git/Fontys/Jaar_2/mo6-digitaal-totaal/mo6-digitaal-selfdriving-car.gen/sources_1/bd/design_1/ip/design_1_controller_ultrasoon_0_0/synth/design_1_controller_ultrasoon_0_0.vhd:102]
INFO: [Synth 8-638] synthesizing module 'controller_ultrasoon' [D:/_code/Git/Fontys/Jaar_2/mo6-digitaal-totaal/mo6-digitaal-selfdriving-car.srcs/sources_1/new/controller_ultrasoon.vhd:26]
WARNING: [Synth 8-7193] Integer conversion function is truncating input [D:/_code/Git/Fontys/Jaar_2/mo6-digitaal-totaal/mo6-digitaal-selfdriving-car.srcs/sources_1/new/controller_ultrasoon.vhd:38]
WARNING: [Synth 8-614] signal 'counter_enable' is read in the process but is not in the sensitivity list [D:/_code/Git/Fontys/Jaar_2/mo6-digitaal-totaal/mo6-digitaal-selfdriving-car.srcs/sources_1/new/controller_ultrasoon.vhd:102]
INFO: [Synth 8-226] default block is never used [D:/_code/Git/Fontys/Jaar_2/mo6-digitaal-totaal/mo6-digitaal-selfdriving-car.srcs/sources_1/new/controller_ultrasoon.vhd:114]
WARNING: [Synth 8-614] signal 'current_state' is read in the process but is not in the sensitivity list [D:/_code/Git/Fontys/Jaar_2/mo6-digitaal-totaal/mo6-digitaal-selfdriving-car.srcs/sources_1/new/controller_ultrasoon.vhd:112]
INFO: [Synth 8-226] default block is never used [D:/_code/Git/Fontys/Jaar_2/mo6-digitaal-totaal/mo6-digitaal-selfdriving-car.srcs/sources_1/new/controller_ultrasoon.vhd:163]
WARNING: [Synth 8-7193] Integer conversion function is truncating input [D:/_code/Git/Fontys/Jaar_2/mo6-digitaal-totaal/mo6-digitaal-selfdriving-car.srcs/sources_1/new/controller_ultrasoon.vhd:188]
WARNING: [Synth 8-614] signal 'counter' is read in the process but is not in the sensitivity list [D:/_code/Git/Fontys/Jaar_2/mo6-digitaal-totaal/mo6-digitaal-selfdriving-car.srcs/sources_1/new/controller_ultrasoon.vhd:161]
INFO: [Synth 8-256] done synthesizing module 'controller_ultrasoon' (0#1) [D:/_code/Git/Fontys/Jaar_2/mo6-digitaal-totaal/mo6-digitaal-selfdriving-car.srcs/sources_1/new/controller_ultrasoon.vhd:26]
INFO: [Synth 8-256] done synthesizing module 'design_1_controller_ultrasoon_0_0' (0#1) [d:/_code/Git/Fontys/Jaar_2/mo6-digitaal-totaal/mo6-digitaal-selfdriving-car.gen/sources_1/bd/design_1/ip/design_1_controller_ultrasoon_0_0/synth/design_1_controller_ultrasoon_0_0.vhd:67]
INFO: [Synth 8-256] done synthesizing module 'ontvangen_controllers_imp_RFQXIP' (0#1) [d:/_code/Git/Fontys/Jaar_2/mo6-digitaal-totaal/mo6-digitaal-selfdriving-car.gen/sources_1/bd/design_1/synth/design_1.vhd:34]
INFO: [Synth 8-3491] module 'design_1_positie_balletje_0_0' declared at 'd:/_code/Git/Fontys/Jaar_2/mo6-digitaal-totaal/mo6-digitaal-selfdriving-car.gen/sources_1/bd/design_1/ip/design_1_positie_balletje_0_0/synth/design_1_positie_balletje_0_0.vhd:56' bound to instance 'positie_balletje_0' of component 'design_1_positie_balletje_0_0' [d:/_code/Git/Fontys/Jaar_2/mo6-digitaal-totaal/mo6-digitaal-selfdriving-car.gen/sources_1/bd/design_1/synth/design_1.vhd:507]
INFO: [Synth 8-638] synthesizing module 'design_1_positie_balletje_0_0' [d:/_code/Git/Fontys/Jaar_2/mo6-digitaal-totaal/mo6-digitaal-selfdriving-car.gen/sources_1/bd/design_1/ip/design_1_positie_balletje_0_0/synth/design_1_positie_balletje_0_0.vhd:72]
	Parameter step bound to: 1 - type: integer 
	Parameter angle_1 bound to: 2 - type: integer 
	Parameter angle_2 bound to: 1 - type: integer 
	Parameter angle_3 bound to: 0 - type: integer 
	Parameter start_angle bound to: 10 - type: integer 
INFO: [Synth 8-3491] module 'positie_balletje' declared at 'D:/_code/Git/Fontys/Jaar_2/mo6-digitaal-totaal/mo6-digitaal-selfdriving-car.srcs/sources_1/new/positie_balletje.vhd:7' bound to instance 'U0' of component 'positie_balletje' [d:/_code/Git/Fontys/Jaar_2/mo6-digitaal-totaal/mo6-digitaal-selfdriving-car.gen/sources_1/bd/design_1/ip/design_1_positie_balletje_0_0/synth/design_1_positie_balletje_0_0.vhd:110]
INFO: [Synth 8-638] synthesizing module 'positie_balletje' [D:/_code/Git/Fontys/Jaar_2/mo6-digitaal-totaal/mo6-digitaal-selfdriving-car.srcs/sources_1/new/positie_balletje.vhd:30]
INFO: [Synth 8-226] default block is never used [D:/_code/Git/Fontys/Jaar_2/mo6-digitaal-totaal/mo6-digitaal-selfdriving-car.srcs/sources_1/new/positie_balletje.vhd:91]
WARNING: [Synth 8-614] signal 'reset' is read in the process but is not in the sensitivity list [D:/_code/Git/Fontys/Jaar_2/mo6-digitaal-totaal/mo6-digitaal-selfdriving-car.srcs/sources_1/new/positie_balletje.vhd:56]
WARNING: [Synth 8-614] signal 'x_start' is read in the process but is not in the sensitivity list [D:/_code/Git/Fontys/Jaar_2/mo6-digitaal-totaal/mo6-digitaal-selfdriving-car.srcs/sources_1/new/positie_balletje.vhd:56]
WARNING: [Synth 8-614] signal 'y_start' is read in the process but is not in the sensitivity list [D:/_code/Git/Fontys/Jaar_2/mo6-digitaal-totaal/mo6-digitaal-selfdriving-car.srcs/sources_1/new/positie_balletje.vhd:56]
INFO: [Synth 8-256] done synthesizing module 'positie_balletje' (0#1) [D:/_code/Git/Fontys/Jaar_2/mo6-digitaal-totaal/mo6-digitaal-selfdriving-car.srcs/sources_1/new/positie_balletje.vhd:30]
INFO: [Synth 8-256] done synthesizing module 'design_1_positie_balletje_0_0' (0#1) [d:/_code/Git/Fontys/Jaar_2/mo6-digitaal-totaal/mo6-digitaal-selfdriving-car.gen/sources_1/bd/design_1/ip/design_1_positie_balletje_0_0/synth/design_1_positie_balletje_0_0.vhd:72]
INFO: [Synth 8-3491] module 'design_1_tekenen_object_0_0' declared at 'd:/_code/Git/Fontys/Jaar_2/mo6-digitaal-totaal/mo6-digitaal-selfdriving-car.gen/sources_1/bd/design_1/ip/design_1_tekenen_object_0_0/synth/design_1_tekenen_object_0_0.vhd:56' bound to instance 'tekenen_balletje' of component 'design_1_tekenen_object_0_0' [d:/_code/Git/Fontys/Jaar_2/mo6-digitaal-totaal/mo6-digitaal-selfdriving-car.gen/sources_1/bd/design_1/synth/design_1.vhd:521]
INFO: [Synth 8-638] synthesizing module 'design_1_tekenen_object_0_0' [d:/_code/Git/Fontys/Jaar_2/mo6-digitaal-totaal/mo6-digitaal-selfdriving-car.gen/sources_1/bd/design_1/ip/design_1_tekenen_object_0_0/synth/design_1_tekenen_object_0_0.vhd:69]
INFO: [Synth 8-3491] module 'tekenen_object' declared at 'D:/_code/Git/Fontys/Jaar_2/mo6-digitaal-totaal/mo6-digitaal-selfdriving-car.srcs/sources_1/new/tekenen_balletje.vhd:5' bound to instance 'U0' of component 'tekenen_object' [d:/_code/Git/Fontys/Jaar_2/mo6-digitaal-totaal/mo6-digitaal-selfdriving-car.gen/sources_1/bd/design_1/ip/design_1_tekenen_object_0_0/synth/design_1_tekenen_object_0_0.vhd:93]
INFO: [Synth 8-638] synthesizing module 'tekenen_object' [D:/_code/Git/Fontys/Jaar_2/mo6-digitaal-totaal/mo6-digitaal-selfdriving-car.srcs/sources_1/new/tekenen_balletje.vhd:18]
INFO: [Synth 8-256] done synthesizing module 'tekenen_object' (0#1) [D:/_code/Git/Fontys/Jaar_2/mo6-digitaal-totaal/mo6-digitaal-selfdriving-car.srcs/sources_1/new/tekenen_balletje.vhd:18]
INFO: [Synth 8-256] done synthesizing module 'design_1_tekenen_object_0_0' (0#1) [d:/_code/Git/Fontys/Jaar_2/mo6-digitaal-totaal/mo6-digitaal-selfdriving-car.gen/sources_1/bd/design_1/ip/design_1_tekenen_object_0_0/synth/design_1_tekenen_object_0_0.vhd:69]
INFO: [Synth 8-3491] module 'design_1_tekenen_object_0_1' declared at 'd:/_code/Git/Fontys/Jaar_2/mo6-digitaal-totaal/mo6-digitaal-selfdriving-car.gen/sources_1/bd/design_1/ip/design_1_tekenen_object_0_1/synth/design_1_tekenen_object_0_1.vhd:56' bound to instance 'tekenen_object_0' of component 'design_1_tekenen_object_0_1' [d:/_code/Git/Fontys/Jaar_2/mo6-digitaal-totaal/mo6-digitaal-selfdriving-car.gen/sources_1/bd/design_1/synth/design_1.vhd:532]
INFO: [Synth 8-638] synthesizing module 'design_1_tekenen_object_0_1' [d:/_code/Git/Fontys/Jaar_2/mo6-digitaal-totaal/mo6-digitaal-selfdriving-car.gen/sources_1/bd/design_1/ip/design_1_tekenen_object_0_1/synth/design_1_tekenen_object_0_1.vhd:69]
INFO: [Synth 8-3491] module 'tekenen_object' declared at 'D:/_code/Git/Fontys/Jaar_2/mo6-digitaal-totaal/mo6-digitaal-selfdriving-car.srcs/sources_1/new/tekenen_balletje.vhd:5' bound to instance 'U0' of component 'tekenen_object' [d:/_code/Git/Fontys/Jaar_2/mo6-digitaal-totaal/mo6-digitaal-selfdriving-car.gen/sources_1/bd/design_1/ip/design_1_tekenen_object_0_1/synth/design_1_tekenen_object_0_1.vhd:93]
INFO: [Synth 8-256] done synthesizing module 'design_1_tekenen_object_0_1' (0#1) [d:/_code/Git/Fontys/Jaar_2/mo6-digitaal-totaal/mo6-digitaal-selfdriving-car.gen/sources_1/bd/design_1/ip/design_1_tekenen_object_0_1/synth/design_1_tekenen_object_0_1.vhd:69]
INFO: [Synth 8-3491] module 'design_1_tekenen_object_1_0' declared at 'd:/_code/Git/Fontys/Jaar_2/mo6-digitaal-totaal/mo6-digitaal-selfdriving-car.gen/sources_1/bd/design_1/ip/design_1_tekenen_object_1_0/synth/design_1_tekenen_object_1_0.vhd:56' bound to instance 'tekenen_object_1' of component 'design_1_tekenen_object_1_0' [d:/_code/Git/Fontys/Jaar_2/mo6-digitaal-totaal/mo6-digitaal-selfdriving-car.gen/sources_1/bd/design_1/synth/design_1.vhd:543]
INFO: [Synth 8-638] synthesizing module 'design_1_tekenen_object_1_0' [d:/_code/Git/Fontys/Jaar_2/mo6-digitaal-totaal/mo6-digitaal-selfdriving-car.gen/sources_1/bd/design_1/ip/design_1_tekenen_object_1_0/synth/design_1_tekenen_object_1_0.vhd:69]
INFO: [Synth 8-3491] module 'tekenen_object' declared at 'D:/_code/Git/Fontys/Jaar_2/mo6-digitaal-totaal/mo6-digitaal-selfdriving-car.srcs/sources_1/new/tekenen_balletje.vhd:5' bound to instance 'U0' of component 'tekenen_object' [d:/_code/Git/Fontys/Jaar_2/mo6-digitaal-totaal/mo6-digitaal-selfdriving-car.gen/sources_1/bd/design_1/ip/design_1_tekenen_object_1_0/synth/design_1_tekenen_object_1_0.vhd:93]
INFO: [Synth 8-256] done synthesizing module 'design_1_tekenen_object_1_0' (0#1) [d:/_code/Git/Fontys/Jaar_2/mo6-digitaal-totaal/mo6-digitaal-selfdriving-car.gen/sources_1/bd/design_1/ip/design_1_tekenen_object_1_0/synth/design_1_tekenen_object_1_0.vhd:69]
INFO: [Synth 8-3491] module 'design_1_util_vector_logic_0_0' declared at 'd:/_code/Git/Fontys/Jaar_2/mo6-digitaal-totaal/mo6-digitaal-selfdriving-car.gen/sources_1/bd/design_1/ip/design_1_util_vector_logic_0_0/synth/design_1_util_vector_logic_0_0.v:53' bound to instance 'util_vector_logic_0' of component 'design_1_util_vector_logic_0_0' [d:/_code/Git/Fontys/Jaar_2/mo6-digitaal-totaal/mo6-digitaal-selfdriving-car.gen/sources_1/bd/design_1/synth/design_1.vhd:554]
INFO: [Synth 8-6157] synthesizing module 'design_1_util_vector_logic_0_0' [d:/_code/Git/Fontys/Jaar_2/mo6-digitaal-totaal/mo6-digitaal-selfdriving-car.gen/sources_1/bd/design_1/ip/design_1_util_vector_logic_0_0/synth/design_1_util_vector_logic_0_0.v:53]
INFO: [Synth 8-6157] synthesizing module 'util_vector_logic_v2_0_2_util_vector_logic' [d:/_code/Git/Fontys/Jaar_2/mo6-digitaal-totaal/mo6-digitaal-selfdriving-car.gen/sources_1/bd/design_1/ipshared/3d84/hdl/util_vector_logic_v2_0_vl_rfs.v:45]
INFO: [Synth 8-6155] done synthesizing module 'util_vector_logic_v2_0_2_util_vector_logic' (0#1) [d:/_code/Git/Fontys/Jaar_2/mo6-digitaal-totaal/mo6-digitaal-selfdriving-car.gen/sources_1/bd/design_1/ipshared/3d84/hdl/util_vector_logic_v2_0_vl_rfs.v:45]
INFO: [Synth 8-6155] done synthesizing module 'design_1_util_vector_logic_0_0' (0#1) [d:/_code/Git/Fontys/Jaar_2/mo6-digitaal-totaal/mo6-digitaal-selfdriving-car.gen/sources_1/bd/design_1/ip/design_1_util_vector_logic_0_0/synth/design_1_util_vector_logic_0_0.v:53]
INFO: [Synth 8-256] done synthesizing module 'design_1' (0#1) [d:/_code/Git/Fontys/Jaar_2/mo6-digitaal-totaal/mo6-digitaal-selfdriving-car.gen/sources_1/bd/design_1/synth/design_1.vhd:203]
INFO: [Synth 8-256] done synthesizing module 'design_1_wrapper' (0#1) [d:/_code/Git/Fontys/Jaar_2/mo6-digitaal-totaal/mo6-digitaal-selfdriving-car.gen/sources_1/bd/design_1/hdl/design_1_wrapper.vhd:37]
WARNING: [Synth 8-6014] Unused sequential element de_reg was removed.  [D:/_code/Git/Fontys/Jaar_2/mo6-digitaal-totaal/mo6-digitaal-selfdriving-car.srcs/sources_1/new/beeld_generator.vhd:117]
---------------------------------------------------------------------------------
Finished RTL Elaboration : Time (s): cpu = 00:00:03 ; elapsed = 00:00:06 . Memory (MB): peak = 2339.340 ; gain = 511.797
---------------------------------------------------------------------------------
---------------------------------------------------------------------------------
Start Handling Custom Attributes
---------------------------------------------------------------------------------
---------------------------------------------------------------------------------
Finished Handling Custom Attributes : Time (s): cpu = 00:00:03 ; elapsed = 00:00:06 . Memory (MB): peak = 2357.238 ; gain = 529.695
---------------------------------------------------------------------------------
---------------------------------------------------------------------------------
Finished RTL Optimization Phase 1 : Time (s): cpu = 00:00:03 ; elapsed = 00:00:06 . Memory (MB): peak = 2357.238 ; gain = 529.695
---------------------------------------------------------------------------------
Netlist sorting complete. Time (s): cpu = 00:00:01 ; elapsed = 00:00:00.013 . Memory (MB): peak = 2369.262 ; gain = 0.000
INFO: [Netlist 29-17] Analyzing 1 Unisim elements for replacement
INFO: [Netlist 29-28] Unisim Transformation completed in 0 CPU seconds
INFO: [Project 1-570] Preparing netlist for logic optimization

Processing XDC Constraints
Initializing timing engine
Parsing XDC File [d:/_code/Git/Fontys/Jaar_2/mo6-digitaal-totaal/mo6-digitaal-selfdriving-car.gen/sources_1/bd/design_1/ip/design_1_clk_wiz_0_0/design_1_clk_wiz_0_0_board.xdc] for cell 'design_1_i/clk_wiz_0/inst'
Finished Parsing XDC File [d:/_code/Git/Fontys/Jaar_2/mo6-digitaal-totaal/mo6-digitaal-selfdriving-car.gen/sources_1/bd/design_1/ip/design_1_clk_wiz_0_0/design_1_clk_wiz_0_0_board.xdc] for cell 'design_1_i/clk_wiz_0/inst'
Parsing XDC File [d:/_code/Git/Fontys/Jaar_2/mo6-digitaal-totaal/mo6-digitaal-selfdriving-car.gen/sources_1/bd/design_1/ip/design_1_clk_wiz_0_0/design_1_clk_wiz_0_0.xdc] for cell 'design_1_i/clk_wiz_0/inst'
Finished Parsing XDC File [d:/_code/Git/Fontys/Jaar_2/mo6-digitaal-totaal/mo6-digitaal-selfdriving-car.gen/sources_1/bd/design_1/ip/design_1_clk_wiz_0_0/design_1_clk_wiz_0_0.xdc] for cell 'design_1_i/clk_wiz_0/inst'
INFO: [Project 1-236] Implementation specific constraints were found while reading constraint file [d:/_code/Git/Fontys/Jaar_2/mo6-digitaal-totaal/mo6-digitaal-selfdriving-car.gen/sources_1/bd/design_1/ip/design_1_clk_wiz_0_0/design_1_clk_wiz_0_0.xdc]. These constraints will be ignored for synthesis but will be used in implementation. Impacted constraints are listed in the file [.Xil/design_1_wrapper_propImpl.xdc].
Resolution: To avoid this warning, move constraints listed in [.Xil/design_1_wrapper_propImpl.xdc] to another XDC file and exclude this new file from synthesis with the used_in_synthesis property (File Properties dialog in GUI) and re-run elaboration/synthesis.
INFO: [Timing 38-2] Deriving generated clocks
Parsing XDC File [D:/_code/Git/Fontys/Jaar_2/mo6-digitaal-totaal/mo6-digitaal-selfdriving-car.srcs/constrs_1/new/constraints.xdc]
WARNING: [Vivado 12-584] No ports matched 'leds[0]'. [D:/_code/Git/Fontys/Jaar_2/mo6-digitaal-totaal/mo6-digitaal-selfdriving-car.srcs/constrs_1/new/constraints.xdc:43]
CRITICAL WARNING: [Common 17-55] 'set_property' expects at least one object. [D:/_code/Git/Fontys/Jaar_2/mo6-digitaal-totaal/mo6-digitaal-selfdriving-car.srcs/constrs_1/new/constraints.xdc:43]
Resolution: If [get_<value>] was used to populate the object, check to make sure this command returns at least one valid object.
WARNING: [Vivado 12-584] No ports matched 'leds[1]'. [D:/_code/Git/Fontys/Jaar_2/mo6-digitaal-totaal/mo6-digitaal-selfdriving-car.srcs/constrs_1/new/constraints.xdc:44]
CRITICAL WARNING: [Common 17-55] 'set_property' expects at least one object. [D:/_code/Git/Fontys/Jaar_2/mo6-digitaal-totaal/mo6-digitaal-selfdriving-car.srcs/constrs_1/new/constraints.xdc:44]
Resolution: If [get_<value>] was used to populate the object, check to make sure this command returns at least one valid object.
WARNING: [Vivado 12-584] No ports matched 'leds[0]'. [D:/_code/Git/Fontys/Jaar_2/mo6-digitaal-totaal/mo6-digitaal-selfdriving-car.srcs/constrs_1/new/constraints.xdc:45]
CRITICAL WARNING: [Common 17-55] 'set_property' expects at least one object. [D:/_code/Git/Fontys/Jaar_2/mo6-digitaal-totaal/mo6-digitaal-selfdriving-car.srcs/constrs_1/new/constraints.xdc:45]
Resolution: If [get_<value>] was used to populate the object, check to make sure this command returns at least one valid object.
WARNING: [Vivado 12-584] No ports matched 'leds[1]'. [D:/_code/Git/Fontys/Jaar_2/mo6-digitaal-totaal/mo6-digitaal-selfdriving-car.srcs/constrs_1/new/constraints.xdc:46]
CRITICAL WARNING: [Common 17-55] 'set_property' expects at least one object. [D:/_code/Git/Fontys/Jaar_2/mo6-digitaal-totaal/mo6-digitaal-selfdriving-car.srcs/constrs_1/new/constraints.xdc:46]
Resolution: If [get_<value>] was used to populate the object, check to make sure this command returns at least one valid object.
Finished Parsing XDC File [D:/_code/Git/Fontys/Jaar_2/mo6-digitaal-totaal/mo6-digitaal-selfdriving-car.srcs/constrs_1/new/constraints.xdc]
INFO: [Project 1-236] Implementation specific constraints were found while reading constraint file [D:/_code/Git/Fontys/Jaar_2/mo6-digitaal-totaal/mo6-digitaal-selfdriving-car.srcs/constrs_1/new/constraints.xdc]. These constraints will be ignored for synthesis but will be used in implementation. Impacted constraints are listed in the file [.Xil/design_1_wrapper_propImpl.xdc].
Resolution: To avoid this warning, move constraints listed in [.Xil/design_1_wrapper_propImpl.xdc] to another XDC file and exclude this new file from synthesis with the used_in_synthesis property (File Properties dialog in GUI) and re-run elaboration/synthesis.
Parsing XDC File [D:/_code/Git/Fontys/Jaar_2/mo6-digitaal-totaal/mo6-digitaal-selfdriving-car.runs/synth_1/dont_touch.xdc]
Finished Parsing XDC File [D:/_code/Git/Fontys/Jaar_2/mo6-digitaal-totaal/mo6-digitaal-selfdriving-car.runs/synth_1/dont_touch.xdc]
INFO: [Project 1-236] Implementation specific constraints were found while reading constraint file [D:/_code/Git/Fontys/Jaar_2/mo6-digitaal-totaal/mo6-digitaal-selfdriving-car.runs/synth_1/dont_touch.xdc]. These constraints will be ignored for synthesis but will be used in implementation. Impacted constraints are listed in the file [.Xil/design_1_wrapper_propImpl.xdc].
Resolution: To avoid this warning, move constraints listed in [.Xil/design_1_wrapper_propImpl.xdc] to another XDC file and exclude this new file from synthesis with the used_in_synthesis property (File Properties dialog in GUI) and re-run elaboration/synthesis.
Completed Processing XDC Constraints

Netlist sorting complete. Time (s): cpu = 00:00:00 ; elapsed = 00:00:00 . Memory (MB): peak = 2469.934 ; gain = 0.000
INFO: [Project 1-111] Unisim Transformation Summary:
No Unisim elements were transformed.

Constraint Validation Runtime : Time (s): cpu = 00:00:00 ; elapsed = 00:00:00.005 . Memory (MB): peak = 2469.934 ; gain = 0.000
INFO: [Designutils 20-5440] No compile time benefit to using incremental synthesis; A full resynthesis will be run
INFO: [Designutils 20-4379] Flow is switching to default flow due to incremental criteria not met. If you would like to alter this behaviour and have the flow terminate instead, please set the following parameter config_implementation {autoIncr.Synth.RejectBehavior Terminate}
---------------------------------------------------------------------------------
Finished Constraint Validation : Time (s): cpu = 00:00:06 ; elapsed = 00:00:11 . Memory (MB): peak = 2469.934 ; gain = 642.391
---------------------------------------------------------------------------------
---------------------------------------------------------------------------------
Start Loading Part and Timing Information
---------------------------------------------------------------------------------
Loading part: xc7z020clg400-1
---------------------------------------------------------------------------------
Finished Loading Part and Timing Information : Time (s): cpu = 00:00:06 ; elapsed = 00:00:11 . Memory (MB): peak = 2469.934 ; gain = 642.391
---------------------------------------------------------------------------------
---------------------------------------------------------------------------------
Start Applying 'set_property' XDC Constraints
---------------------------------------------------------------------------------
Applied set_property KEEP_HIERARCHY = SOFT for design_1_i/clk_wiz_0/inst. (constraint file  D:/_code/Git/Fontys/Jaar_2/mo6-digitaal-totaal/mo6-digitaal-selfdriving-car.runs/synth_1/dont_touch.xdc, line 70).
Applied set_property KEEP_HIERARCHY = SOFT for design_1_i. (constraint file  auto generated constraint).
Applied set_property KEEP_HIERARCHY = SOFT for design_1_i/ontvangen_controllers/controller_inductief_0. (constraint file  auto generated constraint).
Applied set_property KEEP_HIERARCHY = SOFT for design_1_i/ontvangen_controllers/controller_draadloos_0. (constraint file  auto generated constraint).
Applied set_property KEEP_HIERARCHY = SOFT for design_1_i/ontvangen_controllers/clk_divider_0. (constraint file  auto generated constraint).
Applied set_property KEEP_HIERARCHY = SOFT for design_1_i/ontvangen_controllers/controller_interconn_0. (constraint file  auto generated constraint).
Applied set_property KEEP_HIERARCHY = SOFT for design_1_i/ontvangen_controllers/controller_ultrasoon_0. (constraint file  auto generated constraint).
Applied set_property KEEP_HIERARCHY = SOFT for design_1_i/clk_wiz_0. (constraint file  auto generated constraint).
Applied set_property KEEP_HIERARCHY = SOFT for design_1_i/breedte_scherm. (constraint file  auto generated constraint).
Applied set_property KEEP_HIERARCHY = SOFT for design_1_i/hoogte_scherm. (constraint file  auto generated constraint).
Applied set_property KEEP_HIERARCHY = SOFT for design_1_i/hoogte_peddels. (constraint file  auto generated constraint).
Applied set_property KEEP_HIERARCHY = SOFT for design_1_i/breedte_peddels. (constraint file  auto generated constraint).
Applied set_property KEEP_HIERARCHY = SOFT for design_1_i/grootte_balletje. (constraint file  auto generated constraint).
Applied set_property KEEP_HIERARCHY = SOFT for design_1_i/util_vector_logic_0. (constraint file  auto generated constraint).
Applied set_property KEEP_HIERARCHY = SOFT for design_1_i/clk_divider_0. (constraint file  auto generated constraint).
Applied set_property KEEP_HIERARCHY = SOFT for design_1_i/object_positie_1. (constraint file  auto generated constraint).
Applied set_property KEEP_HIERARCHY = SOFT for design_1_i/beeld_generator_0. (constraint file  auto generated constraint).
Applied set_property KEEP_HIERARCHY = SOFT for design_1_i/tekenen_balletje. (constraint file  auto generated constraint).
Applied set_property KEEP_HIERARCHY = SOFT for design_1_i/tekenen_object_0. (constraint file  auto generated constraint).
Applied set_property KEEP_HIERARCHY = SOFT for design_1_i/tekenen_object_1. (constraint file  auto generated constraint).
Applied set_property KEEP_HIERARCHY = SOFT for design_1_i/aanraking_herkennen_0. (constraint file  auto generated constraint).
Applied set_property KEEP_HIERARCHY = SOFT for design_1_i/positie_balletje_0. (constraint file  auto generated constraint).
Applied set_property KEEP = true for sys_clock. (constraint file  auto generated constraint).
---------------------------------------------------------------------------------
Finished applying 'set_property' XDC Constraints : Time (s): cpu = 00:00:06 ; elapsed = 00:00:11 . Memory (MB): peak = 2469.934 ; gain = 642.391
---------------------------------------------------------------------------------
WARNING: [Synth 8-3936] Found unconnected internal register 'value_reg' and it is trimmed from '13' to '9' bits. [D:/_code/Git/Fontys/Jaar_2/mo6-digitaal-totaal/mo6-digitaal-selfdriving-car.srcs/sources_1/new/controller_inductief.vhd:75]
INFO: [Synth 8-802] inferred FSM for state register 'current_state_reg' in module 'controller_ultrasoon'
WARNING: [Synth 8-327] inferring latch for variable 'value_reg' [D:/_code/Git/Fontys/Jaar_2/mo6-digitaal-totaal/mo6-digitaal-selfdriving-car.srcs/sources_1/new/controller_inductief.vhd:75]
WARNING: [Synth 8-327] inferring latch for variable 'distance_mm_reg' [D:/_code/Git/Fontys/Jaar_2/mo6-digitaal-totaal/mo6-digitaal-selfdriving-car.srcs/sources_1/new/controller_ultrasoon.vhd:188]
---------------------------------------------------------------------------------------------------
                   State |                     New Encoding |                Previous Encoding 
---------------------------------------------------------------------------------------------------
            reset_values |                               00 |                               00
       wait_for_feedback |                               01 |                               01
            got_feedback |                               10 |                               10
             no_feedback |                               11 |                               11
---------------------------------------------------------------------------------------------------
INFO: [Synth 8-3354] encoded FSM with state register 'current_state_reg' using encoding 'sequential' in module 'controller_ultrasoon'
WARNING: [Synth 8-327] inferring latch for variable 'trigger_enable_reg' [D:/_code/Git/Fontys/Jaar_2/mo6-digitaal-totaal/mo6-digitaal-selfdriving-car.srcs/sources_1/new/controller_ultrasoon.vhd:86]
WARNING: [Synth 8-327] inferring latch for variable 'counter_reset_reg' [D:/_code/Git/Fontys/Jaar_2/mo6-digitaal-totaal/mo6-digitaal-selfdriving-car.srcs/sources_1/new/controller_ultrasoon.vhd:166]
WARNING: [Synth 8-327] inferring latch for variable 'go_to_next_reg' [D:/_code/Git/Fontys/Jaar_2/mo6-digitaal-totaal/mo6-digitaal-selfdriving-car.srcs/sources_1/new/controller_ultrasoon.vhd:170]
---------------------------------------------------------------------------------
Finished RTL Optimization Phase 2 : Time (s): cpu = 00:00:06 ; elapsed = 00:00:12 . Memory (MB): peak = 2469.934 ; gain = 642.391
---------------------------------------------------------------------------------
---------------------------------------------------------------------------------
Start RTL Component Statistics 
---------------------------------------------------------------------------------
Detailed RTL Component Info : 
+---Adders : 
	   2 Input   32 Bit       Adders := 2     
	   2 Input   24 Bit       Adders := 1     
	   2 Input   20 Bit       Adders := 1     
	   2 Input   16 Bit       Adders := 1     
	   3 Input   11 Bit       Adders := 2     
	   2 Input   11 Bit       Adders := 8     
	   2 Input   10 Bit       Adders := 24    
	   3 Input   10 Bit       Adders := 3     
	   2 Input    9 Bit       Adders := 1     
+---Registers : 
	               32 Bit    Registers := 4     
	               10 Bit    Registers := 9     
	                9 Bit    Registers := 1     
	                1 Bit    Registers := 18    
+---Multipliers : 
	              18x32  Multipliers := 1     
+---Muxes : 
	   2 Input   32 Bit        Muxes := 2     
	   2 Input   24 Bit        Muxes := 1     
	   2 Input   20 Bit        Muxes := 1     
	   4 Input   16 Bit        Muxes := 1     
	   2 Input   10 Bit        Muxes := 10    
	   4 Input   10 Bit        Muxes := 1     
	   2 Input    9 Bit        Muxes := 3     
	   7 Input    9 Bit        Muxes := 2     
	   8 Input    3 Bit        Muxes := 1     
	   2 Input    2 Bit        Muxes := 14    
	   4 Input    2 Bit        Muxes := 1     
	   2 Input    1 Bit        Muxes := 9     
	   7 Input    1 Bit        Muxes := 4     
	   4 Input    1 Bit        Muxes := 6     
---------------------------------------------------------------------------------
Finished RTL Component Statistics 
---------------------------------------------------------------------------------
---------------------------------------------------------------------------------
Start Part Resource Summary
---------------------------------------------------------------------------------
Part Resources:
DSPs: 220 (col length:60)
BRAMs: 280 (col length: RAMB18 60 RAMB36 30)
---------------------------------------------------------------------------------
Finished Part Resource Summary
---------------------------------------------------------------------------------
---------------------------------------------------------------------------------
Start Cross Boundary and Area Optimization
---------------------------------------------------------------------------------
WARNING: [Synth 8-7080] Parallel synthesis criteria is not met
DSP Report: Generating DSP U0/position_y_10, operation Mode is: A*B.
DSP Report: operator U0/position_y_10 is absorbed into DSP U0/position_y_10.
DSP Report: Generating DSP U0/position_y_20, operation Mode is: A*B.
DSP Report: operator U0/position_y_20 is absorbed into DSP U0/position_y_20.
DSP Report: Generating DSP U0/multOp, operation Mode is: A*(B:0x1ff).
DSP Report: operator U0/multOp is absorbed into DSP U0/multOp.
DSP Report: Generating DSP value2, operation Mode is: A*(B:0x1ff).
DSP Report: operator value2 is absorbed into DSP value2.
DSP Report: Generating DSP distance_mm1, operation Mode is: (A:0x29dec)*B.
DSP Report: operator distance_mm1 is absorbed into DSP distance_mm1.
DSP Report: operator distance_mm1 is absorbed into DSP distance_mm1.
DSP Report: Generating DSP distance_mm1, operation Mode is: (PCIN>>17)+(A:0x29dec)*B.
DSP Report: operator distance_mm1 is absorbed into DSP distance_mm1.
DSP Report: operator distance_mm1 is absorbed into DSP distance_mm1.
WARNING: [Synth 8-7129] Port screen_heigth[0] in module design_1_positie_balletje_0_0 is either unconnected or has no load
---------------------------------------------------------------------------------
Finished Cross Boundary and Area Optimization : Time (s): cpu = 00:00:09 ; elapsed = 00:00:17 . Memory (MB): peak = 2469.934 ; gain = 642.391
---------------------------------------------------------------------------------
---------------------------------------------------------------------------------
Start ROM, RAM, DSP, Shift Register and Retiming Reporting
---------------------------------------------------------------------------------

DSP: Preliminary Mapping Report (see note below. The ' indicates corresponding REG is set)
+---------------------+--------------------------+--------+--------+--------+--------+--------+------+------+------+------+-------+------+------+
|Module Name          | DSP Mapping              | A Size | B Size | C Size | D Size | P Size | AREG | BREG | CREG | DREG | ADREG | MREG | PREG | 
+---------------------+--------------------------+--------+--------+--------+--------+--------+------+------+------+------+-------+------+------+
|object_positie       | A*B                      | 10     | 9      | -      | -      | 19     | 0    | 0    | -    | -    | -     | 0    | 0    | 
|object_positie       | A*B                      | 10     | 9      | -      | -      | 19     | 0    | 0    | -    | -    | -     | 0    | 0    | 
|controller_inductief | A*(B:0x1ff)              | 10     | 9      | -      | -      | 19     | 0    | 0    | -    | -    | -     | 0    | 0    | 
|controller_ultrasoon | A*(B:0x1ff)              | 16     | 9      | -      | -      | 25     | 0    | 0    | -    | -    | -     | 0    | 0    | 
|controller_ultrasoon | (A:0x29dec)*B            | 19     | 18     | -      | -      | 48     | 0    | 0    | -    | -    | -     | 0    | 0    | 
|controller_ultrasoon | (PCIN>>17)+(A:0x29dec)*B | 19     | 16     | -      | -      | 48     | 0    | 0    | -    | -    | -     | 0    | 0    | 
+---------------------+--------------------------+--------+--------+--------+--------+--------+------+------+------+------+-------+------+------+

Note: The table above is a preliminary report that shows the DSPs inferred at the current stage of the synthesis flow. Some DSP may be reimplemented as non DSP primitives later in the synthesis flow. Multiple instantiated DSPs are reported only once.
---------------------------------------------------------------------------------
Finished ROM, RAM, DSP, Shift Register and Retiming Reporting
---------------------------------------------------------------------------------
---------------------------------------------------------------------------------
Start Applying XDC Timing Constraints
---------------------------------------------------------------------------------
---------------------------------------------------------------------------------
Finished Applying XDC Timing Constraints : Time (s): cpu = 00:00:11 ; elapsed = 00:00:23 . Memory (MB): peak = 2469.934 ; gain = 642.391
---------------------------------------------------------------------------------
---------------------------------------------------------------------------------
Start Timing Optimization
---------------------------------------------------------------------------------
---------------------------------------------------------------------------------
Finished Timing Optimization : Time (s): cpu = 00:00:11 ; elapsed = 00:00:24 . Memory (MB): peak = 2469.934 ; gain = 642.391
---------------------------------------------------------------------------------
---------------------------------------------------------------------------------
Start Technology Mapping
---------------------------------------------------------------------------------
---------------------------------------------------------------------------------
Finished Technology Mapping : Time (s): cpu = 00:00:12 ; elapsed = 00:00:24 . Memory (MB): peak = 2469.934 ; gain = 642.391
---------------------------------------------------------------------------------
---------------------------------------------------------------------------------
Start IO Insertion
---------------------------------------------------------------------------------
---------------------------------------------------------------------------------
Start Flattening Before IO Insertion
---------------------------------------------------------------------------------
---------------------------------------------------------------------------------
Finished Flattening Before IO Insertion
---------------------------------------------------------------------------------
---------------------------------------------------------------------------------
Start Final Netlist Cleanup
---------------------------------------------------------------------------------
---------------------------------------------------------------------------------
Finished Final Netlist Cleanup
---------------------------------------------------------------------------------
---------------------------------------------------------------------------------
Finished IO Insertion : Time (s): cpu = 00:00:13 ; elapsed = 00:00:27 . Memory (MB): peak = 2469.934 ; gain = 642.391
---------------------------------------------------------------------------------
---------------------------------------------------------------------------------
Start Renaming Generated Instances
---------------------------------------------------------------------------------
---------------------------------------------------------------------------------
Finished Renaming Generated Instances : Time (s): cpu = 00:00:13 ; elapsed = 00:00:27 . Memory (MB): peak = 2469.934 ; gain = 642.391
---------------------------------------------------------------------------------
---------------------------------------------------------------------------------
Start Rebuilding User Hierarchy
---------------------------------------------------------------------------------
---------------------------------------------------------------------------------
Finished Rebuilding User Hierarchy : Time (s): cpu = 00:00:13 ; elapsed = 00:00:27 . Memory (MB): peak = 2469.934 ; gain = 642.391
---------------------------------------------------------------------------------
---------------------------------------------------------------------------------
Start Renaming Generated Ports
---------------------------------------------------------------------------------
---------------------------------------------------------------------------------
Finished Renaming Generated Ports : Time (s): cpu = 00:00:13 ; elapsed = 00:00:27 . Memory (MB): peak = 2469.934 ; gain = 642.391
---------------------------------------------------------------------------------
---------------------------------------------------------------------------------
Start Handling Custom Attributes
---------------------------------------------------------------------------------
---------------------------------------------------------------------------------
Finished Handling Custom Attributes : Time (s): cpu = 00:00:13 ; elapsed = 00:00:27 . Memory (MB): peak = 2469.934 ; gain = 642.391
---------------------------------------------------------------------------------
---------------------------------------------------------------------------------
Start Renaming Generated Nets
---------------------------------------------------------------------------------
---------------------------------------------------------------------------------
Finished Renaming Generated Nets : Time (s): cpu = 00:00:13 ; elapsed = 00:00:27 . Memory (MB): peak = 2469.934 ; gain = 642.391
---------------------------------------------------------------------------------
---------------------------------------------------------------------------------
Start Writing Synthesis Report
---------------------------------------------------------------------------------

DSP Final Report (the ' indicates corresponding REG is set)
+---------------------+--------------+--------+--------+--------+--------+--------+------+------+------+------+-------+------+------+
|Module Name          | DSP Mapping  | A Size | B Size | C Size | D Size | P Size | AREG | BREG | CREG | DREG | ADREG | MREG | PREG | 
+---------------------+--------------+--------+--------+--------+--------+--------+------+------+------+------+-------+------+------+
|object_positie       | A*B          | 9      | 9      | -      | -      | 19     | 0    | 0    | -    | -    | -     | 0    | 0    | 
|object_positie       | A*B          | 9      | 9      | -      | -      | 19     | 0    | 0    | -    | -    | -     | 0    | 0    | 
|controller_inductief | A*B          | 10     | 9      | -      | -      | 19     | 0    | 0    | -    | -    | -     | 0    | 0    | 
|controller_ultrasoon | A*B          | 16     | 9      | -      | -      | 25     | 0    | 0    | -    | -    | -     | 0    | 0    | 
|controller_ultrasoon | A*B          | 18     | 17     | -      | -      | 48     | 0    | 0    | -    | -    | -     | 0    | 0    | 
|controller_ultrasoon | PCIN>>17+A*B | 0      | 15     | -      | -      | 48     | 0    | 0    | -    | -    | -     | 0    | 0    | 
+---------------------+--------------+--------+--------+--------+--------+--------+------+------+------+------+-------+------+------+


Report BlackBoxes: 
+-+--------------+----------+
| |BlackBox name |Instances |
+-+--------------+----------+
+-+--------------+----------+

Report Cell Usage: 
+------+-----------+------+
|      |Cell       |Count |
+------+-----------+------+
|1     |BUFG       |     4|
|2     |CARRY4     |   503|
|3     |DSP48E1    |     6|
|4     |LUT1       |   148|
|5     |LUT2       |   715|
|6     |LUT3       |   468|
|7     |LUT4       |   819|
|8     |LUT5       |   239|
|9     |LUT6       |   269|
|10    |MMCME2_ADV |     1|
|11    |FDCE       |   174|
|12    |FDPE       |    10|
|13    |FDRE       |   124|
|14    |FDSE       |     8|
|15    |LD         |    28|
|16    |IBUF       |    12|
|17    |OBUF       |     7|
+------+-----------+------+
---------------------------------------------------------------------------------
Finished Writing Synthesis Report : Time (s): cpu = 00:00:13 ; elapsed = 00:00:27 . Memory (MB): peak = 2469.934 ; gain = 642.391
---------------------------------------------------------------------------------
Synthesis finished with 0 errors, 0 critical warnings and 8 warnings.
Synthesis Optimization Runtime : Time (s): cpu = 00:00:09 ; elapsed = 00:00:26 . Memory (MB): peak = 2469.934 ; gain = 529.695
Synthesis Optimization Complete : Time (s): cpu = 00:00:13 ; elapsed = 00:00:28 . Memory (MB): peak = 2469.934 ; gain = 642.391
INFO: [Project 1-571] Translating synthesized netlist
Netlist sorting complete. Time (s): cpu = 00:00:00 ; elapsed = 00:00:00.029 . Memory (MB): peak = 2469.934 ; gain = 0.000
INFO: [Netlist 29-17] Analyzing 538 Unisim elements for replacement
INFO: [Netlist 29-28] Unisim Transformation completed in 0 CPU seconds
INFO: [Project 1-570] Preparing netlist for logic optimization
INFO: [Opt 31-138] Pushed 1 inverter(s) to 2 load pin(s).
Netlist sorting complete. Time (s): cpu = 00:00:00 ; elapsed = 00:00:00.003 . Memory (MB): peak = 2469.934 ; gain = 0.000
INFO: [Project 1-111] Unisim Transformation Summary:
  A total of 28 instances were transformed.
  LD => LDCE: 26 instances
  LD => LDCE (inverted pins: G): 2 instances

Synth Design complete | Checksum: db048485
INFO: [Common 17-83] Releasing license: Synthesis
168 Infos, 34 Warnings, 4 Critical Warnings and 0 Errors encountered.
synth_design completed successfully
synth_design: Time (s): cpu = 00:00:13 ; elapsed = 00:00:31 . Memory (MB): peak = 2469.934 ; gain = 1053.605
INFO: [runtcl-6] Synthesis results are not added to the cache due to CRITICAL_WARNING
INFO: [Common 17-1381] The checkpoint 'D:/_code/Git/Fontys/Jaar_2/mo6-digitaal-totaal/mo6-digitaal-selfdriving-car.runs/synth_1/design_1_wrapper.dcp' has been generated.
INFO: [runtcl-4] Executing : report_utilization -file design_1_wrapper_utilization_synth.rpt -pb design_1_wrapper_utilization_synth.pb
INFO: [Common 17-206] Exiting Vivado at Wed Jan 17 15:40:24 2024...
