
*** Running vivado
    with args -log design_1_lijn_tekenen_0_0.vds -m64 -product Vivado -mode batch -messageDb vivado.pb -notrace -source design_1_lijn_tekenen_0_0.tcl



****** Vivado v2023.1 (64-bit)
  **** SW Build 3865809 on Sun May  7 15:05:29 MDT 2023
  **** IP Build 3864474 on Sun May  7 20:36:21 MDT 2023
  **** SharedData Build 3865790 on Sun May 07 13:33:03 MDT 2023
    ** Copyright 1986-2022 Xilinx, Inc. All Rights Reserved.
    ** Copyright 2022-2023 Advanced Micro Devices, Inc. All Rights Reserved.

source design_1_lijn_tekenen_0_0.tcl -notrace
create_project: Time (s): cpu = 00:00:11 ; elapsed = 00:00:11 . Memory (MB): peak = 1362.305 ; gain = 159.668
INFO: [IP_Flow 19-234] Refreshing IP repositories
INFO: [IP_Flow 19-1704] No user IP repositories specified
INFO: [IP_Flow 19-2313] Loaded Vivado IP repository 'D:/Xilinx/Vivado/2023.1/data/ip'.
INFO: [IP_Flow 19-6924] IPCACHE: Running cache check for IP inst: design_1_lijn_tekenen_0_0
Command: synth_design -top design_1_lijn_tekenen_0_0 -part xc7z020clg400-1 -incremental_mode off -mode out_of_context
Starting synth_design
Attempting to get a license for feature 'Synthesis' and/or device 'xc7z020'
INFO: [Common 17-349] Got license for feature 'Synthesis' and/or device 'xc7z020'
INFO: [Device 21-403] Loading part xc7z020clg400-1
INFO: [Synth 8-7079] Multithreading enabled for synth_design using a maximum of 2 processes.
INFO: [Synth 8-7078] Launching helper process for spawning children vivado processes
INFO: [Synth 8-7075] Helper process launched with PID 16620
---------------------------------------------------------------------------------
Starting RTL Elaboration : Time (s): cpu = 00:00:10 ; elapsed = 00:00:21 . Memory (MB): peak = 2216.625 ; gain = 410.227
---------------------------------------------------------------------------------
INFO: [Synth 8-638] synthesizing module 'design_1_lijn_tekenen_0_0' [d:/Vivado/mo6-digitaal-totaal/mo6-digitaal-pong.gen/sources_1/bd/design_1/ip/design_1_lijn_tekenen_0_0/synth/design_1_lijn_tekenen_0_0.vhd:74]
	Parameter width_line bound to: 5 - type: integer 
	Parameter space_between_lines bound to: 10 - type: integer 
INFO: [Synth 8-3491] module 'lijn_tekenen' declared at 'D:/Vivado/mo6-digitaal-totaal/mo6-digitaal-pong.srcs/sources_1/new/lijn_tekenen.vhd:5' bound to instance 'U0' of component 'lijn_tekenen' [d:/Vivado/mo6-digitaal-totaal/mo6-digitaal-pong.gen/sources_1/bd/design_1/ip/design_1_lijn_tekenen_0_0/synth/design_1_lijn_tekenen_0_0.vhd:107]
INFO: [Synth 8-638] synthesizing module 'lijn_tekenen' [D:/Vivado/mo6-digitaal-totaal/mo6-digitaal-pong.srcs/sources_1/new/lijn_tekenen.vhd:26]
INFO: [Synth 8-256] done synthesizing module 'lijn_tekenen' (0#1) [D:/Vivado/mo6-digitaal-totaal/mo6-digitaal-pong.srcs/sources_1/new/lijn_tekenen.vhd:26]
INFO: [Synth 8-256] done synthesizing module 'design_1_lijn_tekenen_0_0' (0#1) [d:/Vivado/mo6-digitaal-totaal/mo6-digitaal-pong.gen/sources_1/bd/design_1/ip/design_1_lijn_tekenen_0_0/synth/design_1_lijn_tekenen_0_0.vhd:74]
---------------------------------------------------------------------------------
Finished RTL Elaboration : Time (s): cpu = 00:00:14 ; elapsed = 00:00:27 . Memory (MB): peak = 2308.465 ; gain = 502.066
---------------------------------------------------------------------------------
---------------------------------------------------------------------------------
Start Handling Custom Attributes
---------------------------------------------------------------------------------
---------------------------------------------------------------------------------
Finished Handling Custom Attributes : Time (s): cpu = 00:00:15 ; elapsed = 00:00:27 . Memory (MB): peak = 2326.328 ; gain = 519.930
---------------------------------------------------------------------------------
---------------------------------------------------------------------------------
Finished RTL Optimization Phase 1 : Time (s): cpu = 00:00:15 ; elapsed = 00:00:27 . Memory (MB): peak = 2326.328 ; gain = 519.930
---------------------------------------------------------------------------------
Netlist sorting complete. Time (s): cpu = 00:00:00 ; elapsed = 00:00:00.002 . Memory (MB): peak = 2326.328 ; gain = 0.000
INFO: [Project 1-570] Preparing netlist for logic optimization

Processing XDC Constraints
Initializing timing engine
Completed Processing XDC Constraints

Netlist sorting complete. Time (s): cpu = 00:00:00 ; elapsed = 00:00:00 . Memory (MB): peak = 2420.836 ; gain = 0.000
INFO: [Project 1-111] Unisim Transformation Summary:
No Unisim elements were transformed.

Constraint Validation Runtime : Time (s): cpu = 00:00:00 ; elapsed = 00:00:00.033 . Memory (MB): peak = 2420.836 ; gain = 0.000
INFO: [Designutils 20-5008] Incremental synthesis strategy off
---------------------------------------------------------------------------------
Finished Constraint Validation : Time (s): cpu = 00:00:30 ; elapsed = 00:00:46 . Memory (MB): peak = 2420.836 ; gain = 614.438
---------------------------------------------------------------------------------
---------------------------------------------------------------------------------
Start Loading Part and Timing Information
---------------------------------------------------------------------------------
Loading part: xc7z020clg400-1
---------------------------------------------------------------------------------
Finished Loading Part and Timing Information : Time (s): cpu = 00:00:30 ; elapsed = 00:00:46 . Memory (MB): peak = 2420.836 ; gain = 614.438
---------------------------------------------------------------------------------
---------------------------------------------------------------------------------
Start Applying 'set_property' XDC Constraints
---------------------------------------------------------------------------------
---------------------------------------------------------------------------------
Finished applying 'set_property' XDC Constraints : Time (s): cpu = 00:00:30 ; elapsed = 00:00:46 . Memory (MB): peak = 2420.836 ; gain = 614.438
---------------------------------------------------------------------------------
---------------------------------------------------------------------------------
Finished RTL Optimization Phase 2 : Time (s): cpu = 00:00:30 ; elapsed = 00:00:46 . Memory (MB): peak = 2420.836 ; gain = 614.438
---------------------------------------------------------------------------------
---------------------------------------------------------------------------------
Start RTL Component Statistics 
---------------------------------------------------------------------------------
Detailed RTL Component Info : 
+---Adders : 
	   2 Input   10 Bit       Adders := 2     
+---Registers : 
	               10 Bit    Registers := 2     
	                1 Bit    Registers := 3     
---------------------------------------------------------------------------------
Finished RTL Component Statistics 
---------------------------------------------------------------------------------
---------------------------------------------------------------------------------
Start Part Resource Summary
---------------------------------------------------------------------------------
Part Resources:
DSPs: 220 (col length:60)
BRAMs: 280 (col length: RAMB18 60 RAMB36 30)
---------------------------------------------------------------------------------
Finished Part Resource Summary
---------------------------------------------------------------------------------
---------------------------------------------------------------------------------
Start Cross Boundary and Area Optimization
---------------------------------------------------------------------------------
WARNING: [Synth 8-7080] Parallel synthesis criteria is not met
WARNING: [Synth 8-7129] Port screen_x[0] in module design_1_lijn_tekenen_0_0 is either unconnected or has no load
---------------------------------------------------------------------------------
Finished Cross Boundary and Area Optimization : Time (s): cpu = 00:00:36 ; elapsed = 00:00:53 . Memory (MB): peak = 2420.836 ; gain = 614.438
---------------------------------------------------------------------------------
---------------------------------------------------------------------------------
Start Applying XDC Timing Constraints
---------------------------------------------------------------------------------
---------------------------------------------------------------------------------
Finished Applying XDC Timing Constraints : Time (s): cpu = 00:00:47 ; elapsed = 00:01:06 . Memory (MB): peak = 2420.836 ; gain = 614.438
---------------------------------------------------------------------------------
---------------------------------------------------------------------------------
Start Timing Optimization
---------------------------------------------------------------------------------
---------------------------------------------------------------------------------
Finished Timing Optimization : Time (s): cpu = 00:00:47 ; elapsed = 00:01:06 . Memory (MB): peak = 2420.836 ; gain = 614.438
---------------------------------------------------------------------------------
---------------------------------------------------------------------------------
Start Technology Mapping
---------------------------------------------------------------------------------
---------------------------------------------------------------------------------
Finished Technology Mapping : Time (s): cpu = 00:00:47 ; elapsed = 00:01:06 . Memory (MB): peak = 2420.836 ; gain = 614.438
---------------------------------------------------------------------------------
---------------------------------------------------------------------------------
Start IO Insertion
---------------------------------------------------------------------------------
---------------------------------------------------------------------------------
Start Flattening Before IO Insertion
---------------------------------------------------------------------------------
---------------------------------------------------------------------------------
Finished Flattening Before IO Insertion
---------------------------------------------------------------------------------
---------------------------------------------------------------------------------
Start Final Netlist Cleanup
---------------------------------------------------------------------------------
---------------------------------------------------------------------------------
Finished Final Netlist Cleanup
---------------------------------------------------------------------------------
---------------------------------------------------------------------------------
Finished IO Insertion : Time (s): cpu = 00:00:57 ; elapsed = 00:01:16 . Memory (MB): peak = 2420.836 ; gain = 614.438
---------------------------------------------------------------------------------
---------------------------------------------------------------------------------
Start Renaming Generated Instances
---------------------------------------------------------------------------------
---------------------------------------------------------------------------------
Finished Renaming Generated Instances : Time (s): cpu = 00:00:57 ; elapsed = 00:01:16 . Memory (MB): peak = 2420.836 ; gain = 614.438
---------------------------------------------------------------------------------
---------------------------------------------------------------------------------
Start Rebuilding User Hierarchy
---------------------------------------------------------------------------------
---------------------------------------------------------------------------------
Finished Rebuilding User Hierarchy : Time (s): cpu = 00:00:57 ; elapsed = 00:01:16 . Memory (MB): peak = 2420.836 ; gain = 614.438
---------------------------------------------------------------------------------
---------------------------------------------------------------------------------
Start Renaming Generated Ports
---------------------------------------------------------------------------------
---------------------------------------------------------------------------------
Finished Renaming Generated Ports : Time (s): cpu = 00:00:57 ; elapsed = 00:01:16 . Memory (MB): peak = 2420.836 ; gain = 614.438
---------------------------------------------------------------------------------
---------------------------------------------------------------------------------
Start Handling Custom Attributes
---------------------------------------------------------------------------------
---------------------------------------------------------------------------------
Finished Handling Custom Attributes : Time (s): cpu = 00:00:57 ; elapsed = 00:01:16 . Memory (MB): peak = 2420.836 ; gain = 614.438
---------------------------------------------------------------------------------
---------------------------------------------------------------------------------
Start Renaming Generated Nets
---------------------------------------------------------------------------------
---------------------------------------------------------------------------------
Finished Renaming Generated Nets : Time (s): cpu = 00:00:57 ; elapsed = 00:01:16 . Memory (MB): peak = 2420.836 ; gain = 614.438
---------------------------------------------------------------------------------
---------------------------------------------------------------------------------
Start Writing Synthesis Report
---------------------------------------------------------------------------------

Report BlackBoxes: 
+-+--------------+----------+
| |BlackBox name |Instances |
+-+--------------+----------+
+-+--------------+----------+

Report Cell Usage: 
+------+-------+------+
|      |Cell   |Count |
+------+-------+------+
|1     |CARRY4 |     6|
|2     |LUT2   |     2|
|3     |LUT3   |     1|
|4     |LUT4   |    16|
|5     |LUT5   |     8|
|6     |LUT6   |    33|
|7     |FDRE   |    23|
+------+-------+------+
---------------------------------------------------------------------------------
Finished Writing Synthesis Report : Time (s): cpu = 00:00:57 ; elapsed = 00:01:16 . Memory (MB): peak = 2420.836 ; gain = 614.438
---------------------------------------------------------------------------------
Synthesis finished with 0 errors, 0 critical warnings and 2 warnings.
Synthesis Optimization Runtime : Time (s): cpu = 00:00:38 ; elapsed = 00:01:11 . Memory (MB): peak = 2420.836 ; gain = 519.930
Synthesis Optimization Complete : Time (s): cpu = 00:00:57 ; elapsed = 00:01:17 . Memory (MB): peak = 2420.836 ; gain = 614.438
INFO: [Project 1-571] Translating synthesized netlist
Netlist sorting complete. Time (s): cpu = 00:00:00 ; elapsed = 00:00:00.002 . Memory (MB): peak = 2420.836 ; gain = 0.000
INFO: [Netlist 29-17] Analyzing 6 Unisim elements for replacement
INFO: [Netlist 29-28] Unisim Transformation completed in 0 CPU seconds
INFO: [Project 1-570] Preparing netlist for logic optimization
INFO: [Opt 31-138] Pushed 0 inverter(s) to 0 load pin(s).
Netlist sorting complete. Time (s): cpu = 00:00:00 ; elapsed = 00:00:00 . Memory (MB): peak = 2420.836 ; gain = 0.000
INFO: [Project 1-111] Unisim Transformation Summary:
No Unisim elements were transformed.

Synth Design complete | Checksum: da990d1c
INFO: [Common 17-83] Releasing license: Synthesis
24 Infos, 2 Warnings, 0 Critical Warnings and 0 Errors encountered.
synth_design completed successfully
synth_design: Time (s): cpu = 00:01:05 ; elapsed = 00:01:31 . Memory (MB): peak = 2420.836 ; gain = 1017.379
INFO: [Common 17-1381] The checkpoint 'D:/Vivado/mo6-digitaal-totaal/mo6-digitaal-pong.runs/design_1_lijn_tekenen_0_0_synth_1/design_1_lijn_tekenen_0_0.dcp' has been generated.
INFO: [Coretcl 2-1648] Added synthesis output to IP cache for IP design_1_lijn_tekenen_0_0, cache-ID = 9d69b7243c981f6c
INFO: [Common 17-1381] The checkpoint 'D:/Vivado/mo6-digitaal-totaal/mo6-digitaal-pong.runs/design_1_lijn_tekenen_0_0_synth_1/design_1_lijn_tekenen_0_0.dcp' has been generated.
INFO: [runtcl-4] Executing : report_utilization -file design_1_lijn_tekenen_0_0_utilization_synth.rpt -pb design_1_lijn_tekenen_0_0_utilization_synth.pb
INFO: [Common 17-206] Exiting Vivado at Wed Jan 24 02:19:14 2024...
