Copyright 1986-2022 Xilinx, Inc. All Rights Reserved. Copyright 2022-2023 Advanced Micro Devices, Inc. All Rights Reserved.
---------------------------------------------------------------------------------------------------------------------------------------------
| Tool Version : Vivado v.2023.1 (win64) Build 3865809 Sun May  7 15:05:29 MDT 2023
| Date         : Tue Jan 23 12:23:01 2024
| Host         : XPS-Tommy running 64-bit major release  (build 9200)
| Command      : report_control_sets -verbose -file design_1_wrapper_control_sets_placed.rpt
| Design       : design_1_wrapper
| Device       : xc7z020
---------------------------------------------------------------------------------------------------------------------------------------------

Control Set Information

Table of Contents
-----------------
1. Summary
2. Histogram
3. Flip-Flop Distribution
4. Detailed Control Set Information

1. Summary
----------

+----------------------------------------------------------+-------+
|                          Status                          | Count |
+----------------------------------------------------------+-------+
| Total control sets                                       |    24 |
|    Minimum number of control sets                        |    24 |
|    Addition due to synthesis replication                 |     0 |
|    Addition due to physical synthesis replication        |     0 |
| Unused register locations in slices containing registers |   101 |
+----------------------------------------------------------+-------+
* Control sets can be merged at opt_design using control_set_merge or merge_equivalent_drivers
** Run report_qor_suggestions for automated merging and remapping suggestions


2. Histogram
------------

+--------------------+-------+
|       Fanout       | Count |
+--------------------+-------+
| Total control sets |    24 |
| >= 0 to < 4        |     6 |
| >= 4 to < 6        |     2 |
| >= 6 to < 8        |     0 |
| >= 8 to < 10       |     2 |
| >= 10 to < 12      |     4 |
| >= 12 to < 14      |     0 |
| >= 14 to < 16      |     0 |
| >= 16              |    10 |
+--------------------+-------+
* Control sets can be remapped at either synth_design or opt_design


3. Flip-Flop Distribution
-------------------------

+--------------+-----------------------+------------------------+-----------------+--------------+
| Clock Enable | Synchronous Set/Reset | Asynchronous Set/Reset | Total Registers | Total Slices |
+--------------+-----------------------+------------------------+-----------------+--------------+
| No           | No                    | No                     |             105 |           48 |
| No           | No                    | Yes                    |              66 |           26 |
| No           | Yes                   | No                     |              77 |           20 |
| Yes          | No                    | No                     |              10 |            2 |
| Yes          | No                    | Yes                    |             118 |           32 |
| Yes          | Yes                   | No                     |              19 |            5 |
+--------------+-----------------------+------------------------+-----------------+--------------+


4. Detailed Control Set Information
-----------------------------------

+------------------------------------------------------------------------------+-----------------------------------------------------------------------------------------------+------------------------------------------------------------------------------------+------------------+----------------+--------------+
|                                 Clock Signal                                 |                                         Enable Signal                                         |                                  Set/Reset Signal                                  | Slice Load Count | Bel Load Count | Bels / Slice |
+------------------------------------------------------------------------------+-----------------------------------------------------------------------------------------------+------------------------------------------------------------------------------------+------------------+----------------+--------------+
|  design_1_i/clk_wiz_0/inst/clk_VGA                                           |                                                                                               |                                                                                    |                1 |              1 |         1.00 |
|  design_1_i/ontvangen_controllers/controller_ultrasoon_0/U0/go_to_next__0    |                                                                                               |                                                                                    |                1 |              1 |         1.00 |
|  design_1_i/clk_divider_0/U0/clk_out_BUFG                                    |                                                                                               | reset_IBUF                                                                         |                2 |              2 |         1.00 |
| ~design_1_i/ontvangen_controllers/controller_ultrasoon_0/U0/distance_mm__0   |                                                                                               |                                                                                    |                2 |              2 |         1.00 |
|  design_1_i/beeld_generator_0/pxlCLK                                         |                                                                                               | design_1_i/tekenen_object_0/U0/pixel_value_o0_n_0                                  |                1 |              3 |         3.00 |
|  design_1_i/clk_divider_0/U0/clk_out_BUFG                                    |                                                                                               |                                                                                    |                3 |              3 |         1.00 |
|  design_1_i/clk_divider_0/U0/clk_out_BUFG                                    | design_1_i/positie_balletje_0/U0/angle_0                                                      | reset_IBUF                                                                         |                2 |              4 |         2.00 |
|  design_1_i/clk_wiz_0/inst/clk_100                                           |                                                                                               |                                                                                    |                4 |              5 |         1.25 |
|  design_1_i/ontvangen_controllers/clk_divider_0/U0/clk_out                   | design_1_i/ontvangen_controllers/controller_draadloos_0/U0/current_value                      | reset_IBUF                                                                         |                3 |              9 |         3.00 |
|  design_1_i/ontvangen_controllers/controller_interconn_0/controller_enable_1 |                                                                                               |                                                                                    |                5 |              9 |         1.80 |
|  design_1_i/clk_divider_0/U0/clk_out_BUFG                                    | design_1_i/positie_balletje_0/U0/y_pos                                                        | reset_IBUF                                                                         |                2 |             10 |         5.00 |
|  design_1_i/clk_wiz_0/inst/clk_100                                           |                                                                                               | design_1_i/ontvangen_controllers/controller_inductief_0/U0/timing_count[9]_i_1_n_0 |                3 |             10 |         3.33 |
|  design_1_i/clk_wiz_0/inst/clk_100                                           | design_1_i/ontvangen_controllers/controller_inductief_0/U0/rising_edge_count_final[9]_i_1_n_0 |                                                                                    |                2 |             10 |         5.00 |
|  design_1_i/clk_wiz_0/inst/clk_100                                           | design_1_i/ontvangen_controllers/controller_inductief_0/U0/rising_edge_detected               | design_1_i/ontvangen_controllers/controller_inductief_0/U0/rising_edge_count0      |                2 |             10 |         5.00 |
|  design_1_i/ontvangen_controllers/controller_ultrasoon_0/U0/distance_mm__0   |                                                                                               |                                                                                    |                8 |             16 |         2.00 |
|  design_1_i/clk_divider_0/U0/clk_out_BUFG                                    | design_1_i/util_vector_logic_0/Res[0]                                                         | reset_IBUF                                                                         |                5 |             20 |         4.00 |
|  design_1_i/clk_wiz_0/inst/clk_100                                           | design_1_i/ontvangen_controllers/controller_ultrasoon_0/U0/trigger_timer_value[19]_i_1_n_0    | design_1_i/ontvangen_controllers/controller_ultrasoon_0/U0/timer_value0            |                5 |             20 |         4.00 |
|  design_1_i/clk_wiz_0/inst/clk_100                                           |                                                                                               | design_1_i/ontvangen_controllers/controller_ultrasoon_0/U0/timer_value0            |                9 |             28 |         3.11 |
|  design_1_i/beeld_generator_0/pxlCLK                                         | design_1_i/beeld_generator_0/U0/vPos                                                          | reset_IBUF                                                                         |               10 |             32 |         3.20 |
|  design_1_i/clk_wiz_0/inst/clk_100                                           |                                                                                               | design_1_i/clk_divider_0/U0/count[0]_i_1_n_0                                       |                8 |             32 |         4.00 |
|  design_1_i/clk_wiz_0/inst/clk_100                                           |                                                                                               | design_1_i/ontvangen_controllers/clk_divider_0/U0/count[0]_i_1_n_0                 |                8 |             32 |         4.00 |
|  design_1_i/clk_wiz_0/inst/clk_100                                           | design_1_i/ontvangen_controllers/controller_ultrasoon_0/U0/counter_enable                     | design_1_i/ontvangen_controllers/controller_ultrasoon_0/U0/counter0                |                8 |             32 |         4.00 |
|  design_1_i/beeld_generator_0/pxlCLK                                         |                                                                                               | reset_IBUF                                                                         |               15 |             36 |         2.40 |
|  design_1_i/beeld_generator_0/pxlCLK                                         |                                                                                               |                                                                                    |               24 |             68 |         2.83 |
+------------------------------------------------------------------------------+-----------------------------------------------------------------------------------------------+------------------------------------------------------------------------------------+------------------+----------------+--------------+


