Copyright 1986-2022 Xilinx, Inc. All Rights Reserved. Copyright 2022-2023 Advanced Micro Devices, Inc. All Rights Reserved.
--------------------------------------------------------------------------------------------------------------------------------------------------------------------------------------
| Tool Version : Vivado v.2023.1 (win64) Build 3865809 Sun May  7 15:05:29 MDT 2023
| Date         : Tue Jan 23 14:24:24 2024
| Host         : XPS-Tommy running 64-bit major release  (build 9200)
| Command      : report_methodology -file design_1_wrapper_methodology_drc_routed.rpt -pb design_1_wrapper_methodology_drc_routed.pb -rpx design_1_wrapper_methodology_drc_routed.rpx
| Design       : design_1_wrapper
| Device       : xc7z020clg400-1
| Speed File   : -1
| Design State : Fully Routed
--------------------------------------------------------------------------------------------------------------------------------------------------------------------------------------

Report Methodology

Table of Contents
-----------------
1. REPORT SUMMARY
2. REPORT DETAILS

1. REPORT SUMMARY
-----------------
            Netlist: netlist
          Floorplan: design_1
      Design limits: <entire design considered>
             Max violations: <unlimited>
             Violations found: 273
+-----------+------------------+--------------------------------+------------+
| Rule      | Severity         | Description                    | Violations |
+-----------+------------------+--------------------------------+------------+
| TIMING-17 | Critical Warning | Non-clocked sequential cell    | 210        |
| DPIR-1    | Warning          | Asynchronous driver check      | 32         |
| LUTAR-1   | Warning          | LUT drives async reset alert   | 2          |
| TIMING-20 | Warning          | Non-clocked latch              | 28         |
| LATCH-1   | Advisory         | Existing latches in the design | 1          |
+-----------+------------------+--------------------------------+------------+

2. REPORT DETAILS
-----------------
TIMING-17#1 Critical Warning
Non-clocked sequential cell  
The clock pin design_1_i/beeld_generator_0/U0/HSYNC_reg/C is not reached by a timing clock
Related violations: <none>

TIMING-17#2 Critical Warning
Non-clocked sequential cell  
The clock pin design_1_i/beeld_generator_0/U0/VSYNC_reg/C is not reached by a timing clock
Related violations: <none>

TIMING-17#3 Critical Warning
Non-clocked sequential cell  
The clock pin design_1_i/beeld_generator_0/U0/hPos_reg[0]/C is not reached by a timing clock
Related violations: <none>

TIMING-17#4 Critical Warning
Non-clocked sequential cell  
The clock pin design_1_i/beeld_generator_0/U0/hPos_reg[10]/C is not reached by a timing clock
Related violations: <none>

TIMING-17#5 Critical Warning
Non-clocked sequential cell  
The clock pin design_1_i/beeld_generator_0/U0/hPos_reg[11]/C is not reached by a timing clock
Related violations: <none>

TIMING-17#6 Critical Warning
Non-clocked sequential cell  
The clock pin design_1_i/beeld_generator_0/U0/hPos_reg[12]/C is not reached by a timing clock
Related violations: <none>

TIMING-17#7 Critical Warning
Non-clocked sequential cell  
The clock pin design_1_i/beeld_generator_0/U0/hPos_reg[13]/C is not reached by a timing clock
Related violations: <none>

TIMING-17#8 Critical Warning
Non-clocked sequential cell  
The clock pin design_1_i/beeld_generator_0/U0/hPos_reg[14]/C is not reached by a timing clock
Related violations: <none>

TIMING-17#9 Critical Warning
Non-clocked sequential cell  
The clock pin design_1_i/beeld_generator_0/U0/hPos_reg[15]/C is not reached by a timing clock
Related violations: <none>

TIMING-17#10 Critical Warning
Non-clocked sequential cell  
The clock pin design_1_i/beeld_generator_0/U0/hPos_reg[16]/C is not reached by a timing clock
Related violations: <none>

TIMING-17#11 Critical Warning
Non-clocked sequential cell  
The clock pin design_1_i/beeld_generator_0/U0/hPos_reg[17]/C is not reached by a timing clock
Related violations: <none>

TIMING-17#12 Critical Warning
Non-clocked sequential cell  
The clock pin design_1_i/beeld_generator_0/U0/hPos_reg[18]/C is not reached by a timing clock
Related violations: <none>

TIMING-17#13 Critical Warning
Non-clocked sequential cell  
The clock pin design_1_i/beeld_generator_0/U0/hPos_reg[19]/C is not reached by a timing clock
Related violations: <none>

TIMING-17#14 Critical Warning
Non-clocked sequential cell  
The clock pin design_1_i/beeld_generator_0/U0/hPos_reg[1]/C is not reached by a timing clock
Related violations: <none>

TIMING-17#15 Critical Warning
Non-clocked sequential cell  
The clock pin design_1_i/beeld_generator_0/U0/hPos_reg[20]/C is not reached by a timing clock
Related violations: <none>

TIMING-17#16 Critical Warning
Non-clocked sequential cell  
The clock pin design_1_i/beeld_generator_0/U0/hPos_reg[21]/C is not reached by a timing clock
Related violations: <none>

TIMING-17#17 Critical Warning
Non-clocked sequential cell  
The clock pin design_1_i/beeld_generator_0/U0/hPos_reg[22]/C is not reached by a timing clock
Related violations: <none>

TIMING-17#18 Critical Warning
Non-clocked sequential cell  
The clock pin design_1_i/beeld_generator_0/U0/hPos_reg[23]/C is not reached by a timing clock
Related violations: <none>

TIMING-17#19 Critical Warning
Non-clocked sequential cell  
The clock pin design_1_i/beeld_generator_0/U0/hPos_reg[24]/C is not reached by a timing clock
Related violations: <none>

TIMING-17#20 Critical Warning
Non-clocked sequential cell  
The clock pin design_1_i/beeld_generator_0/U0/hPos_reg[25]/C is not reached by a timing clock
Related violations: <none>

TIMING-17#21 Critical Warning
Non-clocked sequential cell  
The clock pin design_1_i/beeld_generator_0/U0/hPos_reg[26]/C is not reached by a timing clock
Related violations: <none>

TIMING-17#22 Critical Warning
Non-clocked sequential cell  
The clock pin design_1_i/beeld_generator_0/U0/hPos_reg[27]/C is not reached by a timing clock
Related violations: <none>

TIMING-17#23 Critical Warning
Non-clocked sequential cell  
The clock pin design_1_i/beeld_generator_0/U0/hPos_reg[28]/C is not reached by a timing clock
Related violations: <none>

TIMING-17#24 Critical Warning
Non-clocked sequential cell  
The clock pin design_1_i/beeld_generator_0/U0/hPos_reg[29]/C is not reached by a timing clock
Related violations: <none>

TIMING-17#25 Critical Warning
Non-clocked sequential cell  
The clock pin design_1_i/beeld_generator_0/U0/hPos_reg[2]/C is not reached by a timing clock
Related violations: <none>

TIMING-17#26 Critical Warning
Non-clocked sequential cell  
The clock pin design_1_i/beeld_generator_0/U0/hPos_reg[30]/C is not reached by a timing clock
Related violations: <none>

TIMING-17#27 Critical Warning
Non-clocked sequential cell  
The clock pin design_1_i/beeld_generator_0/U0/hPos_reg[31]/C is not reached by a timing clock
Related violations: <none>

TIMING-17#28 Critical Warning
Non-clocked sequential cell  
The clock pin design_1_i/beeld_generator_0/U0/hPos_reg[3]/C is not reached by a timing clock
Related violations: <none>

TIMING-17#29 Critical Warning
Non-clocked sequential cell  
The clock pin design_1_i/beeld_generator_0/U0/hPos_reg[4]/C is not reached by a timing clock
Related violations: <none>

TIMING-17#30 Critical Warning
Non-clocked sequential cell  
The clock pin design_1_i/beeld_generator_0/U0/hPos_reg[5]/C is not reached by a timing clock
Related violations: <none>

TIMING-17#31 Critical Warning
Non-clocked sequential cell  
The clock pin design_1_i/beeld_generator_0/U0/hPos_reg[6]/C is not reached by a timing clock
Related violations: <none>

TIMING-17#32 Critical Warning
Non-clocked sequential cell  
The clock pin design_1_i/beeld_generator_0/U0/hPos_reg[7]/C is not reached by a timing clock
Related violations: <none>

TIMING-17#33 Critical Warning
Non-clocked sequential cell  
The clock pin design_1_i/beeld_generator_0/U0/hPos_reg[8]/C is not reached by a timing clock
Related violations: <none>

TIMING-17#34 Critical Warning
Non-clocked sequential cell  
The clock pin design_1_i/beeld_generator_0/U0/hPos_reg[9]/C is not reached by a timing clock
Related violations: <none>

TIMING-17#35 Critical Warning
Non-clocked sequential cell  
The clock pin design_1_i/beeld_generator_0/U0/hpxl_reg[0]/C is not reached by a timing clock
Related violations: <none>

TIMING-17#36 Critical Warning
Non-clocked sequential cell  
The clock pin design_1_i/beeld_generator_0/U0/hpxl_reg[1]/C is not reached by a timing clock
Related violations: <none>

TIMING-17#37 Critical Warning
Non-clocked sequential cell  
The clock pin design_1_i/beeld_generator_0/U0/hpxl_reg[2]/C is not reached by a timing clock
Related violations: <none>

TIMING-17#38 Critical Warning
Non-clocked sequential cell  
The clock pin design_1_i/beeld_generator_0/U0/hpxl_reg[3]/C is not reached by a timing clock
Related violations: <none>

TIMING-17#39 Critical Warning
Non-clocked sequential cell  
The clock pin design_1_i/beeld_generator_0/U0/hpxl_reg[4]/C is not reached by a timing clock
Related violations: <none>

TIMING-17#40 Critical Warning
Non-clocked sequential cell  
The clock pin design_1_i/beeld_generator_0/U0/hpxl_reg[5]/C is not reached by a timing clock
Related violations: <none>

TIMING-17#41 Critical Warning
Non-clocked sequential cell  
The clock pin design_1_i/beeld_generator_0/U0/hpxl_reg[6]/C is not reached by a timing clock
Related violations: <none>

TIMING-17#42 Critical Warning
Non-clocked sequential cell  
The clock pin design_1_i/beeld_generator_0/U0/hpxl_reg[7]/C is not reached by a timing clock
Related violations: <none>

TIMING-17#43 Critical Warning
Non-clocked sequential cell  
The clock pin design_1_i/beeld_generator_0/U0/hpxl_reg[8]/C is not reached by a timing clock
Related violations: <none>

TIMING-17#44 Critical Warning
Non-clocked sequential cell  
The clock pin design_1_i/beeld_generator_0/U0/hpxl_reg[9]/C is not reached by a timing clock
Related violations: <none>

TIMING-17#45 Critical Warning
Non-clocked sequential cell  
The clock pin design_1_i/beeld_generator_0/U0/hs_reg/C is not reached by a timing clock
Related violations: <none>

TIMING-17#46 Critical Warning
Non-clocked sequential cell  
The clock pin design_1_i/beeld_generator_0/U0/vPos_reg[0]/C is not reached by a timing clock
Related violations: <none>

TIMING-17#47 Critical Warning
Non-clocked sequential cell  
The clock pin design_1_i/beeld_generator_0/U0/vPos_reg[10]/C is not reached by a timing clock
Related violations: <none>

TIMING-17#48 Critical Warning
Non-clocked sequential cell  
The clock pin design_1_i/beeld_generator_0/U0/vPos_reg[11]/C is not reached by a timing clock
Related violations: <none>

TIMING-17#49 Critical Warning
Non-clocked sequential cell  
The clock pin design_1_i/beeld_generator_0/U0/vPos_reg[12]/C is not reached by a timing clock
Related violations: <none>

TIMING-17#50 Critical Warning
Non-clocked sequential cell  
The clock pin design_1_i/beeld_generator_0/U0/vPos_reg[13]/C is not reached by a timing clock
Related violations: <none>

TIMING-17#51 Critical Warning
Non-clocked sequential cell  
The clock pin design_1_i/beeld_generator_0/U0/vPos_reg[14]/C is not reached by a timing clock
Related violations: <none>

TIMING-17#52 Critical Warning
Non-clocked sequential cell  
The clock pin design_1_i/beeld_generator_0/U0/vPos_reg[15]/C is not reached by a timing clock
Related violations: <none>

TIMING-17#53 Critical Warning
Non-clocked sequential cell  
The clock pin design_1_i/beeld_generator_0/U0/vPos_reg[16]/C is not reached by a timing clock
Related violations: <none>

TIMING-17#54 Critical Warning
Non-clocked sequential cell  
The clock pin design_1_i/beeld_generator_0/U0/vPos_reg[17]/C is not reached by a timing clock
Related violations: <none>

TIMING-17#55 Critical Warning
Non-clocked sequential cell  
The clock pin design_1_i/beeld_generator_0/U0/vPos_reg[18]/C is not reached by a timing clock
Related violations: <none>

TIMING-17#56 Critical Warning
Non-clocked sequential cell  
The clock pin design_1_i/beeld_generator_0/U0/vPos_reg[19]/C is not reached by a timing clock
Related violations: <none>

TIMING-17#57 Critical Warning
Non-clocked sequential cell  
The clock pin design_1_i/beeld_generator_0/U0/vPos_reg[1]/C is not reached by a timing clock
Related violations: <none>

TIMING-17#58 Critical Warning
Non-clocked sequential cell  
The clock pin design_1_i/beeld_generator_0/U0/vPos_reg[20]/C is not reached by a timing clock
Related violations: <none>

TIMING-17#59 Critical Warning
Non-clocked sequential cell  
The clock pin design_1_i/beeld_generator_0/U0/vPos_reg[21]/C is not reached by a timing clock
Related violations: <none>

TIMING-17#60 Critical Warning
Non-clocked sequential cell  
The clock pin design_1_i/beeld_generator_0/U0/vPos_reg[22]/C is not reached by a timing clock
Related violations: <none>

TIMING-17#61 Critical Warning
Non-clocked sequential cell  
The clock pin design_1_i/beeld_generator_0/U0/vPos_reg[23]/C is not reached by a timing clock
Related violations: <none>

TIMING-17#62 Critical Warning
Non-clocked sequential cell  
The clock pin design_1_i/beeld_generator_0/U0/vPos_reg[24]/C is not reached by a timing clock
Related violations: <none>

TIMING-17#63 Critical Warning
Non-clocked sequential cell  
The clock pin design_1_i/beeld_generator_0/U0/vPos_reg[25]/C is not reached by a timing clock
Related violations: <none>

TIMING-17#64 Critical Warning
Non-clocked sequential cell  
The clock pin design_1_i/beeld_generator_0/U0/vPos_reg[26]/C is not reached by a timing clock
Related violations: <none>

TIMING-17#65 Critical Warning
Non-clocked sequential cell  
The clock pin design_1_i/beeld_generator_0/U0/vPos_reg[27]/C is not reached by a timing clock
Related violations: <none>

TIMING-17#66 Critical Warning
Non-clocked sequential cell  
The clock pin design_1_i/beeld_generator_0/U0/vPos_reg[28]/C is not reached by a timing clock
Related violations: <none>

TIMING-17#67 Critical Warning
Non-clocked sequential cell  
The clock pin design_1_i/beeld_generator_0/U0/vPos_reg[29]/C is not reached by a timing clock
Related violations: <none>

TIMING-17#68 Critical Warning
Non-clocked sequential cell  
The clock pin design_1_i/beeld_generator_0/U0/vPos_reg[2]/C is not reached by a timing clock
Related violations: <none>

TIMING-17#69 Critical Warning
Non-clocked sequential cell  
The clock pin design_1_i/beeld_generator_0/U0/vPos_reg[30]/C is not reached by a timing clock
Related violations: <none>

TIMING-17#70 Critical Warning
Non-clocked sequential cell  
The clock pin design_1_i/beeld_generator_0/U0/vPos_reg[31]/C is not reached by a timing clock
Related violations: <none>

TIMING-17#71 Critical Warning
Non-clocked sequential cell  
The clock pin design_1_i/beeld_generator_0/U0/vPos_reg[3]/C is not reached by a timing clock
Related violations: <none>

TIMING-17#72 Critical Warning
Non-clocked sequential cell  
The clock pin design_1_i/beeld_generator_0/U0/vPos_reg[4]/C is not reached by a timing clock
Related violations: <none>

TIMING-17#73 Critical Warning
Non-clocked sequential cell  
The clock pin design_1_i/beeld_generator_0/U0/vPos_reg[5]/C is not reached by a timing clock
Related violations: <none>

TIMING-17#74 Critical Warning
Non-clocked sequential cell  
The clock pin design_1_i/beeld_generator_0/U0/vPos_reg[6]/C is not reached by a timing clock
Related violations: <none>

TIMING-17#75 Critical Warning
Non-clocked sequential cell  
The clock pin design_1_i/beeld_generator_0/U0/vPos_reg[7]/C is not reached by a timing clock
Related violations: <none>

TIMING-17#76 Critical Warning
Non-clocked sequential cell  
The clock pin design_1_i/beeld_generator_0/U0/vPos_reg[8]/C is not reached by a timing clock
Related violations: <none>

TIMING-17#77 Critical Warning
Non-clocked sequential cell  
The clock pin design_1_i/beeld_generator_0/U0/vPos_reg[9]/C is not reached by a timing clock
Related violations: <none>

TIMING-17#78 Critical Warning
Non-clocked sequential cell  
The clock pin design_1_i/beeld_generator_0/U0/vpxl_reg[0]/C is not reached by a timing clock
Related violations: <none>

TIMING-17#79 Critical Warning
Non-clocked sequential cell  
The clock pin design_1_i/beeld_generator_0/U0/vpxl_reg[1]/C is not reached by a timing clock
Related violations: <none>

TIMING-17#80 Critical Warning
Non-clocked sequential cell  
The clock pin design_1_i/beeld_generator_0/U0/vpxl_reg[2]/C is not reached by a timing clock
Related violations: <none>

TIMING-17#81 Critical Warning
Non-clocked sequential cell  
The clock pin design_1_i/beeld_generator_0/U0/vpxl_reg[3]/C is not reached by a timing clock
Related violations: <none>

TIMING-17#82 Critical Warning
Non-clocked sequential cell  
The clock pin design_1_i/beeld_generator_0/U0/vpxl_reg[4]/C is not reached by a timing clock
Related violations: <none>

TIMING-17#83 Critical Warning
Non-clocked sequential cell  
The clock pin design_1_i/beeld_generator_0/U0/vpxl_reg[5]/C is not reached by a timing clock
Related violations: <none>

TIMING-17#84 Critical Warning
Non-clocked sequential cell  
The clock pin design_1_i/beeld_generator_0/U0/vpxl_reg[6]/C is not reached by a timing clock
Related violations: <none>

TIMING-17#85 Critical Warning
Non-clocked sequential cell  
The clock pin design_1_i/beeld_generator_0/U0/vpxl_reg[7]/C is not reached by a timing clock
Related violations: <none>

TIMING-17#86 Critical Warning
Non-clocked sequential cell  
The clock pin design_1_i/beeld_generator_0/U0/vpxl_reg[8]/C is not reached by a timing clock
Related violations: <none>

TIMING-17#87 Critical Warning
Non-clocked sequential cell  
The clock pin design_1_i/beeld_generator_0/U0/vpxl_reg[9]/C is not reached by a timing clock
Related violations: <none>

TIMING-17#88 Critical Warning
Non-clocked sequential cell  
The clock pin design_1_i/beeld_generator_0/U0/vs_reg/C is not reached by a timing clock
Related violations: <none>

TIMING-17#89 Critical Warning
Non-clocked sequential cell  
The clock pin design_1_i/lijn_tekenen_0/U0/HSYNC_o_reg/C is not reached by a timing clock
Related violations: <none>

TIMING-17#90 Critical Warning
Non-clocked sequential cell  
The clock pin design_1_i/lijn_tekenen_0/U0/VSYNC_o_reg/C is not reached by a timing clock
Related violations: <none>

TIMING-17#91 Critical Warning
Non-clocked sequential cell  
The clock pin design_1_i/lijn_tekenen_0/U0/pixel_value_o_reg/C is not reached by a timing clock
Related violations: <none>

TIMING-17#92 Critical Warning
Non-clocked sequential cell  
The clock pin design_1_i/lijn_tekenen_0/U0/pixel_value_o_reg_lopt_replica/C is not reached by a timing clock
Related violations: <none>

TIMING-17#93 Critical Warning
Non-clocked sequential cell  
The clock pin design_1_i/lijn_tekenen_0/U0/pixel_value_o_reg_lopt_replica_2/C is not reached by a timing clock
Related violations: <none>

TIMING-17#94 Critical Warning
Non-clocked sequential cell  
The clock pin design_1_i/ontvangen_controllers/controller_draadloos_0/U0/current_value_reg[0]/C is not reached by a timing clock
Related violations: <none>

TIMING-17#95 Critical Warning
Non-clocked sequential cell  
The clock pin design_1_i/ontvangen_controllers/controller_draadloos_0/U0/current_value_reg[1]/C is not reached by a timing clock
Related violations: <none>

TIMING-17#96 Critical Warning
Non-clocked sequential cell  
The clock pin design_1_i/ontvangen_controllers/controller_draadloos_0/U0/current_value_reg[2]/C is not reached by a timing clock
Related violations: <none>

TIMING-17#97 Critical Warning
Non-clocked sequential cell  
The clock pin design_1_i/ontvangen_controllers/controller_draadloos_0/U0/current_value_reg[3]/C is not reached by a timing clock
Related violations: <none>

TIMING-17#98 Critical Warning
Non-clocked sequential cell  
The clock pin design_1_i/ontvangen_controllers/controller_draadloos_0/U0/current_value_reg[4]/C is not reached by a timing clock
Related violations: <none>

TIMING-17#99 Critical Warning
Non-clocked sequential cell  
The clock pin design_1_i/ontvangen_controllers/controller_draadloos_0/U0/current_value_reg[5]/C is not reached by a timing clock
Related violations: <none>

TIMING-17#100 Critical Warning
Non-clocked sequential cell  
The clock pin design_1_i/ontvangen_controllers/controller_draadloos_0/U0/current_value_reg[6]/C is not reached by a timing clock
Related violations: <none>

TIMING-17#101 Critical Warning
Non-clocked sequential cell  
The clock pin design_1_i/ontvangen_controllers/controller_draadloos_0/U0/current_value_reg[7]/C is not reached by a timing clock
Related violations: <none>

TIMING-17#102 Critical Warning
Non-clocked sequential cell  
The clock pin design_1_i/ontvangen_controllers/controller_draadloos_0/U0/current_value_reg[8]/C is not reached by a timing clock
Related violations: <none>

TIMING-17#103 Critical Warning
Non-clocked sequential cell  
The clock pin design_1_i/positie_balletje_0/U0/angle_counter_reg[0]/C is not reached by a timing clock
Related violations: <none>

TIMING-17#104 Critical Warning
Non-clocked sequential cell  
The clock pin design_1_i/positie_balletje_0/U0/angle_counter_reg[1]/C is not reached by a timing clock
Related violations: <none>

TIMING-17#105 Critical Warning
Non-clocked sequential cell  
The clock pin design_1_i/positie_balletje_0/U0/angle_counter_reg[2]/C is not reached by a timing clock
Related violations: <none>

TIMING-17#106 Critical Warning
Non-clocked sequential cell  
The clock pin design_1_i/positie_balletje_0/U0/angle_counter_reg[3]/C is not reached by a timing clock
Related violations: <none>

TIMING-17#107 Critical Warning
Non-clocked sequential cell  
The clock pin design_1_i/positie_balletje_0/U0/angle_counter_reg[4]/C is not reached by a timing clock
Related violations: <none>

TIMING-17#108 Critical Warning
Non-clocked sequential cell  
The clock pin design_1_i/positie_balletje_0/U0/angle_counter_reg[5]/C is not reached by a timing clock
Related violations: <none>

TIMING-17#109 Critical Warning
Non-clocked sequential cell  
The clock pin design_1_i/positie_balletje_0/U0/angle_counter_reg[6]/C is not reached by a timing clock
Related violations: <none>

TIMING-17#110 Critical Warning
Non-clocked sequential cell  
The clock pin design_1_i/positie_balletje_0/U0/angle_counter_reg[7]/C is not reached by a timing clock
Related violations: <none>

TIMING-17#111 Critical Warning
Non-clocked sequential cell  
The clock pin design_1_i/positie_balletje_0/U0/angle_counter_reg[8]/C is not reached by a timing clock
Related violations: <none>

TIMING-17#112 Critical Warning
Non-clocked sequential cell  
The clock pin design_1_i/positie_balletje_0/U0/angle_counter_reg[9]/C is not reached by a timing clock
Related violations: <none>

TIMING-17#113 Critical Warning
Non-clocked sequential cell  
The clock pin design_1_i/positie_balletje_0/U0/angle_reg[0]/C is not reached by a timing clock
Related violations: <none>

TIMING-17#114 Critical Warning
Non-clocked sequential cell  
The clock pin design_1_i/positie_balletje_0/U0/angle_reg[1]/C is not reached by a timing clock
Related violations: <none>

TIMING-17#115 Critical Warning
Non-clocked sequential cell  
The clock pin design_1_i/positie_balletje_0/U0/angle_reg[2]/C is not reached by a timing clock
Related violations: <none>

TIMING-17#116 Critical Warning
Non-clocked sequential cell  
The clock pin design_1_i/positie_balletje_0/U0/angle_reg[3]/C is not reached by a timing clock
Related violations: <none>

TIMING-17#117 Critical Warning
Non-clocked sequential cell  
The clock pin design_1_i/positie_balletje_0/U0/peddel_touch_r_reg/C is not reached by a timing clock
Related violations: <none>

TIMING-17#118 Critical Warning
Non-clocked sequential cell  
The clock pin design_1_i/positie_balletje_0/U0/side_touch_r_reg/C is not reached by a timing clock
Related violations: <none>

TIMING-17#119 Critical Warning
Non-clocked sequential cell  
The clock pin design_1_i/positie_balletje_0/U0/top_bottom_touch_r_reg/C is not reached by a timing clock
Related violations: <none>

TIMING-17#120 Critical Warning
Non-clocked sequential cell  
The clock pin design_1_i/positie_balletje_0/U0/x_dir_reg/C is not reached by a timing clock
Related violations: <none>

TIMING-17#121 Critical Warning
Non-clocked sequential cell  
The clock pin design_1_i/positie_balletje_0/U0/x_pos_reg[0]/C is not reached by a timing clock
Related violations: <none>

TIMING-17#122 Critical Warning
Non-clocked sequential cell  
The clock pin design_1_i/positie_balletje_0/U0/x_pos_reg[1]/C is not reached by a timing clock
Related violations: <none>

TIMING-17#123 Critical Warning
Non-clocked sequential cell  
The clock pin design_1_i/positie_balletje_0/U0/x_pos_reg[2]/C is not reached by a timing clock
Related violations: <none>

TIMING-17#124 Critical Warning
Non-clocked sequential cell  
The clock pin design_1_i/positie_balletje_0/U0/x_pos_reg[3]/C is not reached by a timing clock
Related violations: <none>

TIMING-17#125 Critical Warning
Non-clocked sequential cell  
The clock pin design_1_i/positie_balletje_0/U0/x_pos_reg[4]/C is not reached by a timing clock
Related violations: <none>

TIMING-17#126 Critical Warning
Non-clocked sequential cell  
The clock pin design_1_i/positie_balletje_0/U0/x_pos_reg[5]/C is not reached by a timing clock
Related violations: <none>

TIMING-17#127 Critical Warning
Non-clocked sequential cell  
The clock pin design_1_i/positie_balletje_0/U0/x_pos_reg[6]/C is not reached by a timing clock
Related violations: <none>

TIMING-17#128 Critical Warning
Non-clocked sequential cell  
The clock pin design_1_i/positie_balletje_0/U0/x_pos_reg[7]/C is not reached by a timing clock
Related violations: <none>

TIMING-17#129 Critical Warning
Non-clocked sequential cell  
The clock pin design_1_i/positie_balletje_0/U0/x_pos_reg[8]/C is not reached by a timing clock
Related violations: <none>

TIMING-17#130 Critical Warning
Non-clocked sequential cell  
The clock pin design_1_i/positie_balletje_0/U0/x_pos_reg[9]/C is not reached by a timing clock
Related violations: <none>

TIMING-17#131 Critical Warning
Non-clocked sequential cell  
The clock pin design_1_i/positie_balletje_0/U0/y_dir_reg/C is not reached by a timing clock
Related violations: <none>

TIMING-17#132 Critical Warning
Non-clocked sequential cell  
The clock pin design_1_i/positie_balletje_0/U0/y_pos_reg[0]/C is not reached by a timing clock
Related violations: <none>

TIMING-17#133 Critical Warning
Non-clocked sequential cell  
The clock pin design_1_i/positie_balletje_0/U0/y_pos_reg[1]/C is not reached by a timing clock
Related violations: <none>

TIMING-17#134 Critical Warning
Non-clocked sequential cell  
The clock pin design_1_i/positie_balletje_0/U0/y_pos_reg[2]/C is not reached by a timing clock
Related violations: <none>

TIMING-17#135 Critical Warning
Non-clocked sequential cell  
The clock pin design_1_i/positie_balletje_0/U0/y_pos_reg[3]/C is not reached by a timing clock
Related violations: <none>

TIMING-17#136 Critical Warning
Non-clocked sequential cell  
The clock pin design_1_i/positie_balletje_0/U0/y_pos_reg[4]/C is not reached by a timing clock
Related violations: <none>

TIMING-17#137 Critical Warning
Non-clocked sequential cell  
The clock pin design_1_i/positie_balletje_0/U0/y_pos_reg[5]/C is not reached by a timing clock
Related violations: <none>

TIMING-17#138 Critical Warning
Non-clocked sequential cell  
The clock pin design_1_i/positie_balletje_0/U0/y_pos_reg[6]/C is not reached by a timing clock
Related violations: <none>

TIMING-17#139 Critical Warning
Non-clocked sequential cell  
The clock pin design_1_i/positie_balletje_0/U0/y_pos_reg[7]/C is not reached by a timing clock
Related violations: <none>

TIMING-17#140 Critical Warning
Non-clocked sequential cell  
The clock pin design_1_i/positie_balletje_0/U0/y_pos_reg[8]/C is not reached by a timing clock
Related violations: <none>

TIMING-17#141 Critical Warning
Non-clocked sequential cell  
The clock pin design_1_i/positie_balletje_0/U0/y_pos_reg[9]/C is not reached by a timing clock
Related violations: <none>

TIMING-17#142 Critical Warning
Non-clocked sequential cell  
The clock pin design_1_i/tekenen_balletje/U0/HSYNC_o_reg/C is not reached by a timing clock
Related violations: <none>

TIMING-17#143 Critical Warning
Non-clocked sequential cell  
The clock pin design_1_i/tekenen_balletje/U0/VSYNC_o_reg/C is not reached by a timing clock
Related violations: <none>

TIMING-17#144 Critical Warning
Non-clocked sequential cell  
The clock pin design_1_i/tekenen_balletje/U0/hpxl_o_reg[0]/C is not reached by a timing clock
Related violations: <none>

TIMING-17#145 Critical Warning
Non-clocked sequential cell  
The clock pin design_1_i/tekenen_balletje/U0/hpxl_o_reg[1]/C is not reached by a timing clock
Related violations: <none>

TIMING-17#146 Critical Warning
Non-clocked sequential cell  
The clock pin design_1_i/tekenen_balletje/U0/hpxl_o_reg[2]/C is not reached by a timing clock
Related violations: <none>

TIMING-17#147 Critical Warning
Non-clocked sequential cell  
The clock pin design_1_i/tekenen_balletje/U0/hpxl_o_reg[3]/C is not reached by a timing clock
Related violations: <none>

TIMING-17#148 Critical Warning
Non-clocked sequential cell  
The clock pin design_1_i/tekenen_balletje/U0/hpxl_o_reg[4]/C is not reached by a timing clock
Related violations: <none>

TIMING-17#149 Critical Warning
Non-clocked sequential cell  
The clock pin design_1_i/tekenen_balletje/U0/hpxl_o_reg[5]/C is not reached by a timing clock
Related violations: <none>

TIMING-17#150 Critical Warning
Non-clocked sequential cell  
The clock pin design_1_i/tekenen_balletje/U0/hpxl_o_reg[6]/C is not reached by a timing clock
Related violations: <none>

TIMING-17#151 Critical Warning
Non-clocked sequential cell  
The clock pin design_1_i/tekenen_balletje/U0/hpxl_o_reg[7]/C is not reached by a timing clock
Related violations: <none>

TIMING-17#152 Critical Warning
Non-clocked sequential cell  
The clock pin design_1_i/tekenen_balletje/U0/hpxl_o_reg[8]/C is not reached by a timing clock
Related violations: <none>

TIMING-17#153 Critical Warning
Non-clocked sequential cell  
The clock pin design_1_i/tekenen_balletje/U0/hpxl_o_reg[9]/C is not reached by a timing clock
Related violations: <none>

TIMING-17#154 Critical Warning
Non-clocked sequential cell  
The clock pin design_1_i/tekenen_balletje/U0/pixel_value_o_reg/C is not reached by a timing clock
Related violations: <none>

TIMING-17#155 Critical Warning
Non-clocked sequential cell  
The clock pin design_1_i/tekenen_balletje/U0/vpxl_o_reg[0]/C is not reached by a timing clock
Related violations: <none>

TIMING-17#156 Critical Warning
Non-clocked sequential cell  
The clock pin design_1_i/tekenen_balletje/U0/vpxl_o_reg[1]/C is not reached by a timing clock
Related violations: <none>

TIMING-17#157 Critical Warning
Non-clocked sequential cell  
The clock pin design_1_i/tekenen_balletje/U0/vpxl_o_reg[2]/C is not reached by a timing clock
Related violations: <none>

TIMING-17#158 Critical Warning
Non-clocked sequential cell  
The clock pin design_1_i/tekenen_balletje/U0/vpxl_o_reg[3]/C is not reached by a timing clock
Related violations: <none>

TIMING-17#159 Critical Warning
Non-clocked sequential cell  
The clock pin design_1_i/tekenen_balletje/U0/vpxl_o_reg[4]/C is not reached by a timing clock
Related violations: <none>

TIMING-17#160 Critical Warning
Non-clocked sequential cell  
The clock pin design_1_i/tekenen_balletje/U0/vpxl_o_reg[5]/C is not reached by a timing clock
Related violations: <none>

TIMING-17#161 Critical Warning
Non-clocked sequential cell  
The clock pin design_1_i/tekenen_balletje/U0/vpxl_o_reg[6]/C is not reached by a timing clock
Related violations: <none>

TIMING-17#162 Critical Warning
Non-clocked sequential cell  
The clock pin design_1_i/tekenen_balletje/U0/vpxl_o_reg[7]/C is not reached by a timing clock
Related violations: <none>

TIMING-17#163 Critical Warning
Non-clocked sequential cell  
The clock pin design_1_i/tekenen_balletje/U0/vpxl_o_reg[8]/C is not reached by a timing clock
Related violations: <none>

TIMING-17#164 Critical Warning
Non-clocked sequential cell  
The clock pin design_1_i/tekenen_balletje/U0/vpxl_o_reg[9]/C is not reached by a timing clock
Related violations: <none>

TIMING-17#165 Critical Warning
Non-clocked sequential cell  
The clock pin design_1_i/tekenen_object_0/U0/HSYNC_o_reg/C is not reached by a timing clock
Related violations: <none>

TIMING-17#166 Critical Warning
Non-clocked sequential cell  
The clock pin design_1_i/tekenen_object_0/U0/VSYNC_o_reg/C is not reached by a timing clock
Related violations: <none>

TIMING-17#167 Critical Warning
Non-clocked sequential cell  
The clock pin design_1_i/tekenen_object_0/U0/hpxl_o_reg[0]/C is not reached by a timing clock
Related violations: <none>

TIMING-17#168 Critical Warning
Non-clocked sequential cell  
The clock pin design_1_i/tekenen_object_0/U0/hpxl_o_reg[1]/C is not reached by a timing clock
Related violations: <none>

TIMING-17#169 Critical Warning
Non-clocked sequential cell  
The clock pin design_1_i/tekenen_object_0/U0/hpxl_o_reg[2]/C is not reached by a timing clock
Related violations: <none>

TIMING-17#170 Critical Warning
Non-clocked sequential cell  
The clock pin design_1_i/tekenen_object_0/U0/hpxl_o_reg[3]/C is not reached by a timing clock
Related violations: <none>

TIMING-17#171 Critical Warning
Non-clocked sequential cell  
The clock pin design_1_i/tekenen_object_0/U0/hpxl_o_reg[4]/C is not reached by a timing clock
Related violations: <none>

TIMING-17#172 Critical Warning
Non-clocked sequential cell  
The clock pin design_1_i/tekenen_object_0/U0/hpxl_o_reg[5]/C is not reached by a timing clock
Related violations: <none>

TIMING-17#173 Critical Warning
Non-clocked sequential cell  
The clock pin design_1_i/tekenen_object_0/U0/hpxl_o_reg[6]/C is not reached by a timing clock
Related violations: <none>

TIMING-17#174 Critical Warning
Non-clocked sequential cell  
The clock pin design_1_i/tekenen_object_0/U0/hpxl_o_reg[7]/C is not reached by a timing clock
Related violations: <none>

TIMING-17#175 Critical Warning
Non-clocked sequential cell  
The clock pin design_1_i/tekenen_object_0/U0/hpxl_o_reg[8]/C is not reached by a timing clock
Related violations: <none>

TIMING-17#176 Critical Warning
Non-clocked sequential cell  
The clock pin design_1_i/tekenen_object_0/U0/hpxl_o_reg[9]/C is not reached by a timing clock
Related violations: <none>

TIMING-17#177 Critical Warning
Non-clocked sequential cell  
The clock pin design_1_i/tekenen_object_0/U0/pixel_value_o_reg/C is not reached by a timing clock
Related violations: <none>

TIMING-17#178 Critical Warning
Non-clocked sequential cell  
The clock pin design_1_i/tekenen_object_0/U0/vpxl_o_reg[0]/C is not reached by a timing clock
Related violations: <none>

TIMING-17#179 Critical Warning
Non-clocked sequential cell  
The clock pin design_1_i/tekenen_object_0/U0/vpxl_o_reg[1]/C is not reached by a timing clock
Related violations: <none>

TIMING-17#180 Critical Warning
Non-clocked sequential cell  
The clock pin design_1_i/tekenen_object_0/U0/vpxl_o_reg[2]/C is not reached by a timing clock
Related violations: <none>

TIMING-17#181 Critical Warning
Non-clocked sequential cell  
The clock pin design_1_i/tekenen_object_0/U0/vpxl_o_reg[3]/C is not reached by a timing clock
Related violations: <none>

TIMING-17#182 Critical Warning
Non-clocked sequential cell  
The clock pin design_1_i/tekenen_object_0/U0/vpxl_o_reg[4]/C is not reached by a timing clock
Related violations: <none>

TIMING-17#183 Critical Warning
Non-clocked sequential cell  
The clock pin design_1_i/tekenen_object_0/U0/vpxl_o_reg[5]/C is not reached by a timing clock
Related violations: <none>

TIMING-17#184 Critical Warning
Non-clocked sequential cell  
The clock pin design_1_i/tekenen_object_0/U0/vpxl_o_reg[6]/C is not reached by a timing clock
Related violations: <none>

TIMING-17#185 Critical Warning
Non-clocked sequential cell  
The clock pin design_1_i/tekenen_object_0/U0/vpxl_o_reg[7]/C is not reached by a timing clock
Related violations: <none>

TIMING-17#186 Critical Warning
Non-clocked sequential cell  
The clock pin design_1_i/tekenen_object_0/U0/vpxl_o_reg[8]/C is not reached by a timing clock
Related violations: <none>

TIMING-17#187 Critical Warning
Non-clocked sequential cell  
The clock pin design_1_i/tekenen_object_0/U0/vpxl_o_reg[9]/C is not reached by a timing clock
Related violations: <none>

TIMING-17#188 Critical Warning
Non-clocked sequential cell  
The clock pin design_1_i/tekenen_object_1/U0/HSYNC_o_reg/C is not reached by a timing clock
Related violations: <none>

TIMING-17#189 Critical Warning
Non-clocked sequential cell  
The clock pin design_1_i/tekenen_object_1/U0/VSYNC_o_reg/C is not reached by a timing clock
Related violations: <none>

TIMING-17#190 Critical Warning
Non-clocked sequential cell  
The clock pin design_1_i/tekenen_object_1/U0/hpxl_o_reg[0]/C is not reached by a timing clock
Related violations: <none>

TIMING-17#191 Critical Warning
Non-clocked sequential cell  
The clock pin design_1_i/tekenen_object_1/U0/hpxl_o_reg[1]/C is not reached by a timing clock
Related violations: <none>

TIMING-17#192 Critical Warning
Non-clocked sequential cell  
The clock pin design_1_i/tekenen_object_1/U0/hpxl_o_reg[2]/C is not reached by a timing clock
Related violations: <none>

TIMING-17#193 Critical Warning
Non-clocked sequential cell  
The clock pin design_1_i/tekenen_object_1/U0/hpxl_o_reg[3]/C is not reached by a timing clock
Related violations: <none>

TIMING-17#194 Critical Warning
Non-clocked sequential cell  
The clock pin design_1_i/tekenen_object_1/U0/hpxl_o_reg[4]/C is not reached by a timing clock
Related violations: <none>

TIMING-17#195 Critical Warning
Non-clocked sequential cell  
The clock pin design_1_i/tekenen_object_1/U0/hpxl_o_reg[5]/C is not reached by a timing clock
Related violations: <none>

TIMING-17#196 Critical Warning
Non-clocked sequential cell  
The clock pin design_1_i/tekenen_object_1/U0/hpxl_o_reg[6]/C is not reached by a timing clock
Related violations: <none>

TIMING-17#197 Critical Warning
Non-clocked sequential cell  
The clock pin design_1_i/tekenen_object_1/U0/hpxl_o_reg[7]/C is not reached by a timing clock
Related violations: <none>

TIMING-17#198 Critical Warning
Non-clocked sequential cell  
The clock pin design_1_i/tekenen_object_1/U0/hpxl_o_reg[8]/C is not reached by a timing clock
Related violations: <none>

TIMING-17#199 Critical Warning
Non-clocked sequential cell  
The clock pin design_1_i/tekenen_object_1/U0/hpxl_o_reg[9]/C is not reached by a timing clock
Related violations: <none>

TIMING-17#200 Critical Warning
Non-clocked sequential cell  
The clock pin design_1_i/tekenen_object_1/U0/pixel_value_o_reg/C is not reached by a timing clock
Related violations: <none>

TIMING-17#201 Critical Warning
Non-clocked sequential cell  
The clock pin design_1_i/tekenen_object_1/U0/vpxl_o_reg[0]/C is not reached by a timing clock
Related violations: <none>

TIMING-17#202 Critical Warning
Non-clocked sequential cell  
The clock pin design_1_i/tekenen_object_1/U0/vpxl_o_reg[1]/C is not reached by a timing clock
Related violations: <none>

TIMING-17#203 Critical Warning
Non-clocked sequential cell  
The clock pin design_1_i/tekenen_object_1/U0/vpxl_o_reg[2]/C is not reached by a timing clock
Related violations: <none>

TIMING-17#204 Critical Warning
Non-clocked sequential cell  
The clock pin design_1_i/tekenen_object_1/U0/vpxl_o_reg[3]/C is not reached by a timing clock
Related violations: <none>

TIMING-17#205 Critical Warning
Non-clocked sequential cell  
The clock pin design_1_i/tekenen_object_1/U0/vpxl_o_reg[4]/C is not reached by a timing clock
Related violations: <none>

TIMING-17#206 Critical Warning
Non-clocked sequential cell  
The clock pin design_1_i/tekenen_object_1/U0/vpxl_o_reg[5]/C is not reached by a timing clock
Related violations: <none>

TIMING-17#207 Critical Warning
Non-clocked sequential cell  
The clock pin design_1_i/tekenen_object_1/U0/vpxl_o_reg[6]/C is not reached by a timing clock
Related violations: <none>

TIMING-17#208 Critical Warning
Non-clocked sequential cell  
The clock pin design_1_i/tekenen_object_1/U0/vpxl_o_reg[7]/C is not reached by a timing clock
Related violations: <none>

TIMING-17#209 Critical Warning
Non-clocked sequential cell  
The clock pin design_1_i/tekenen_object_1/U0/vpxl_o_reg[8]/C is not reached by a timing clock
Related violations: <none>

TIMING-17#210 Critical Warning
Non-clocked sequential cell  
The clock pin design_1_i/tekenen_object_1/U0/vpxl_o_reg[9]/C is not reached by a timing clock
Related violations: <none>

DPIR-1#1 Warning
Asynchronous driver check  
DSP design_1_i/ontvangen_controllers/controller_ultrasoon_0/U0/distance_mm1 input pin design_1_i/ontvangen_controllers/controller_ultrasoon_0/U0/distance_mm1/B[0] is connected to registers with an asynchronous reset. This is preventing the possibility of merging these registers in to the DSP Block since the DSP block registers only possess synchronous reset capability.  It is suggested to recode or change these registers to remove the reset or use a synchronous reset to get the best optimization for performance, power and area.
Related violations: <none>

DPIR-1#2 Warning
Asynchronous driver check  
DSP design_1_i/ontvangen_controllers/controller_ultrasoon_0/U0/distance_mm1 input pin design_1_i/ontvangen_controllers/controller_ultrasoon_0/U0/distance_mm1/B[10] is connected to registers with an asynchronous reset. This is preventing the possibility of merging these registers in to the DSP Block since the DSP block registers only possess synchronous reset capability.  It is suggested to recode or change these registers to remove the reset or use a synchronous reset to get the best optimization for performance, power and area.
Related violations: <none>

DPIR-1#3 Warning
Asynchronous driver check  
DSP design_1_i/ontvangen_controllers/controller_ultrasoon_0/U0/distance_mm1 input pin design_1_i/ontvangen_controllers/controller_ultrasoon_0/U0/distance_mm1/B[11] is connected to registers with an asynchronous reset. This is preventing the possibility of merging these registers in to the DSP Block since the DSP block registers only possess synchronous reset capability.  It is suggested to recode or change these registers to remove the reset or use a synchronous reset to get the best optimization for performance, power and area.
Related violations: <none>

DPIR-1#4 Warning
Asynchronous driver check  
DSP design_1_i/ontvangen_controllers/controller_ultrasoon_0/U0/distance_mm1 input pin design_1_i/ontvangen_controllers/controller_ultrasoon_0/U0/distance_mm1/B[12] is connected to registers with an asynchronous reset. This is preventing the possibility of merging these registers in to the DSP Block since the DSP block registers only possess synchronous reset capability.  It is suggested to recode or change these registers to remove the reset or use a synchronous reset to get the best optimization for performance, power and area.
Related violations: <none>

DPIR-1#5 Warning
Asynchronous driver check  
DSP design_1_i/ontvangen_controllers/controller_ultrasoon_0/U0/distance_mm1 input pin design_1_i/ontvangen_controllers/controller_ultrasoon_0/U0/distance_mm1/B[13] is connected to registers with an asynchronous reset. This is preventing the possibility of merging these registers in to the DSP Block since the DSP block registers only possess synchronous reset capability.  It is suggested to recode or change these registers to remove the reset or use a synchronous reset to get the best optimization for performance, power and area.
Related violations: <none>

DPIR-1#6 Warning
Asynchronous driver check  
DSP design_1_i/ontvangen_controllers/controller_ultrasoon_0/U0/distance_mm1 input pin design_1_i/ontvangen_controllers/controller_ultrasoon_0/U0/distance_mm1/B[14] is connected to registers with an asynchronous reset. This is preventing the possibility of merging these registers in to the DSP Block since the DSP block registers only possess synchronous reset capability.  It is suggested to recode or change these registers to remove the reset or use a synchronous reset to get the best optimization for performance, power and area.
Related violations: <none>

DPIR-1#7 Warning
Asynchronous driver check  
DSP design_1_i/ontvangen_controllers/controller_ultrasoon_0/U0/distance_mm1 input pin design_1_i/ontvangen_controllers/controller_ultrasoon_0/U0/distance_mm1/B[15] is connected to registers with an asynchronous reset. This is preventing the possibility of merging these registers in to the DSP Block since the DSP block registers only possess synchronous reset capability.  It is suggested to recode or change these registers to remove the reset or use a synchronous reset to get the best optimization for performance, power and area.
Related violations: <none>

DPIR-1#8 Warning
Asynchronous driver check  
DSP design_1_i/ontvangen_controllers/controller_ultrasoon_0/U0/distance_mm1 input pin design_1_i/ontvangen_controllers/controller_ultrasoon_0/U0/distance_mm1/B[16] is connected to registers with an asynchronous reset. This is preventing the possibility of merging these registers in to the DSP Block since the DSP block registers only possess synchronous reset capability.  It is suggested to recode or change these registers to remove the reset or use a synchronous reset to get the best optimization for performance, power and area.
Related violations: <none>

DPIR-1#9 Warning
Asynchronous driver check  
DSP design_1_i/ontvangen_controllers/controller_ultrasoon_0/U0/distance_mm1 input pin design_1_i/ontvangen_controllers/controller_ultrasoon_0/U0/distance_mm1/B[1] is connected to registers with an asynchronous reset. This is preventing the possibility of merging these registers in to the DSP Block since the DSP block registers only possess synchronous reset capability.  It is suggested to recode or change these registers to remove the reset or use a synchronous reset to get the best optimization for performance, power and area.
Related violations: <none>

DPIR-1#10 Warning
Asynchronous driver check  
DSP design_1_i/ontvangen_controllers/controller_ultrasoon_0/U0/distance_mm1 input pin design_1_i/ontvangen_controllers/controller_ultrasoon_0/U0/distance_mm1/B[2] is connected to registers with an asynchronous reset. This is preventing the possibility of merging these registers in to the DSP Block since the DSP block registers only possess synchronous reset capability.  It is suggested to recode or change these registers to remove the reset or use a synchronous reset to get the best optimization for performance, power and area.
Related violations: <none>

DPIR-1#11 Warning
Asynchronous driver check  
DSP design_1_i/ontvangen_controllers/controller_ultrasoon_0/U0/distance_mm1 input pin design_1_i/ontvangen_controllers/controller_ultrasoon_0/U0/distance_mm1/B[3] is connected to registers with an asynchronous reset. This is preventing the possibility of merging these registers in to the DSP Block since the DSP block registers only possess synchronous reset capability.  It is suggested to recode or change these registers to remove the reset or use a synchronous reset to get the best optimization for performance, power and area.
Related violations: <none>

DPIR-1#12 Warning
Asynchronous driver check  
DSP design_1_i/ontvangen_controllers/controller_ultrasoon_0/U0/distance_mm1 input pin design_1_i/ontvangen_controllers/controller_ultrasoon_0/U0/distance_mm1/B[4] is connected to registers with an asynchronous reset. This is preventing the possibility of merging these registers in to the DSP Block since the DSP block registers only possess synchronous reset capability.  It is suggested to recode or change these registers to remove the reset or use a synchronous reset to get the best optimization for performance, power and area.
Related violations: <none>

DPIR-1#13 Warning
Asynchronous driver check  
DSP design_1_i/ontvangen_controllers/controller_ultrasoon_0/U0/distance_mm1 input pin design_1_i/ontvangen_controllers/controller_ultrasoon_0/U0/distance_mm1/B[5] is connected to registers with an asynchronous reset. This is preventing the possibility of merging these registers in to the DSP Block since the DSP block registers only possess synchronous reset capability.  It is suggested to recode or change these registers to remove the reset or use a synchronous reset to get the best optimization for performance, power and area.
Related violations: <none>

DPIR-1#14 Warning
Asynchronous driver check  
DSP design_1_i/ontvangen_controllers/controller_ultrasoon_0/U0/distance_mm1 input pin design_1_i/ontvangen_controllers/controller_ultrasoon_0/U0/distance_mm1/B[6] is connected to registers with an asynchronous reset. This is preventing the possibility of merging these registers in to the DSP Block since the DSP block registers only possess synchronous reset capability.  It is suggested to recode or change these registers to remove the reset or use a synchronous reset to get the best optimization for performance, power and area.
Related violations: <none>

DPIR-1#15 Warning
Asynchronous driver check  
DSP design_1_i/ontvangen_controllers/controller_ultrasoon_0/U0/distance_mm1 input pin design_1_i/ontvangen_controllers/controller_ultrasoon_0/U0/distance_mm1/B[7] is connected to registers with an asynchronous reset. This is preventing the possibility of merging these registers in to the DSP Block since the DSP block registers only possess synchronous reset capability.  It is suggested to recode or change these registers to remove the reset or use a synchronous reset to get the best optimization for performance, power and area.
Related violations: <none>

DPIR-1#16 Warning
Asynchronous driver check  
DSP design_1_i/ontvangen_controllers/controller_ultrasoon_0/U0/distance_mm1 input pin design_1_i/ontvangen_controllers/controller_ultrasoon_0/U0/distance_mm1/B[8] is connected to registers with an asynchronous reset. This is preventing the possibility of merging these registers in to the DSP Block since the DSP block registers only possess synchronous reset capability.  It is suggested to recode or change these registers to remove the reset or use a synchronous reset to get the best optimization for performance, power and area.
Related violations: <none>

DPIR-1#17 Warning
Asynchronous driver check  
DSP design_1_i/ontvangen_controllers/controller_ultrasoon_0/U0/distance_mm1 input pin design_1_i/ontvangen_controllers/controller_ultrasoon_0/U0/distance_mm1/B[9] is connected to registers with an asynchronous reset. This is preventing the possibility of merging these registers in to the DSP Block since the DSP block registers only possess synchronous reset capability.  It is suggested to recode or change these registers to remove the reset or use a synchronous reset to get the best optimization for performance, power and area.
Related violations: <none>

DPIR-1#18 Warning
Asynchronous driver check  
DSP design_1_i/ontvangen_controllers/controller_ultrasoon_0/U0/distance_mm1__0 input pin design_1_i/ontvangen_controllers/controller_ultrasoon_0/U0/distance_mm1__0/B[0] is connected to registers with an asynchronous reset. This is preventing the possibility of merging these registers in to the DSP Block since the DSP block registers only possess synchronous reset capability.  It is suggested to recode or change these registers to remove the reset or use a synchronous reset to get the best optimization for performance, power and area.
Related violations: <none>

DPIR-1#19 Warning
Asynchronous driver check  
DSP design_1_i/ontvangen_controllers/controller_ultrasoon_0/U0/distance_mm1__0 input pin design_1_i/ontvangen_controllers/controller_ultrasoon_0/U0/distance_mm1__0/B[10] is connected to registers with an asynchronous reset. This is preventing the possibility of merging these registers in to the DSP Block since the DSP block registers only possess synchronous reset capability.  It is suggested to recode or change these registers to remove the reset or use a synchronous reset to get the best optimization for performance, power and area.
Related violations: <none>

DPIR-1#20 Warning
Asynchronous driver check  
DSP design_1_i/ontvangen_controllers/controller_ultrasoon_0/U0/distance_mm1__0 input pin design_1_i/ontvangen_controllers/controller_ultrasoon_0/U0/distance_mm1__0/B[11] is connected to registers with an asynchronous reset. This is preventing the possibility of merging these registers in to the DSP Block since the DSP block registers only possess synchronous reset capability.  It is suggested to recode or change these registers to remove the reset or use a synchronous reset to get the best optimization for performance, power and area.
Related violations: <none>

DPIR-1#21 Warning
Asynchronous driver check  
DSP design_1_i/ontvangen_controllers/controller_ultrasoon_0/U0/distance_mm1__0 input pin design_1_i/ontvangen_controllers/controller_ultrasoon_0/U0/distance_mm1__0/B[12] is connected to registers with an asynchronous reset. This is preventing the possibility of merging these registers in to the DSP Block since the DSP block registers only possess synchronous reset capability.  It is suggested to recode or change these registers to remove the reset or use a synchronous reset to get the best optimization for performance, power and area.
Related violations: <none>

DPIR-1#22 Warning
Asynchronous driver check  
DSP design_1_i/ontvangen_controllers/controller_ultrasoon_0/U0/distance_mm1__0 input pin design_1_i/ontvangen_controllers/controller_ultrasoon_0/U0/distance_mm1__0/B[13] is connected to registers with an asynchronous reset. This is preventing the possibility of merging these registers in to the DSP Block since the DSP block registers only possess synchronous reset capability.  It is suggested to recode or change these registers to remove the reset or use a synchronous reset to get the best optimization for performance, power and area.
Related violations: <none>

DPIR-1#23 Warning
Asynchronous driver check  
DSP design_1_i/ontvangen_controllers/controller_ultrasoon_0/U0/distance_mm1__0 input pin design_1_i/ontvangen_controllers/controller_ultrasoon_0/U0/distance_mm1__0/B[14] is connected to registers with an asynchronous reset. This is preventing the possibility of merging these registers in to the DSP Block since the DSP block registers only possess synchronous reset capability.  It is suggested to recode or change these registers to remove the reset or use a synchronous reset to get the best optimization for performance, power and area.
Related violations: <none>

DPIR-1#24 Warning
Asynchronous driver check  
DSP design_1_i/ontvangen_controllers/controller_ultrasoon_0/U0/distance_mm1__0 input pin design_1_i/ontvangen_controllers/controller_ultrasoon_0/U0/distance_mm1__0/B[1] is connected to registers with an asynchronous reset. This is preventing the possibility of merging these registers in to the DSP Block since the DSP block registers only possess synchronous reset capability.  It is suggested to recode or change these registers to remove the reset or use a synchronous reset to get the best optimization for performance, power and area.
Related violations: <none>

DPIR-1#25 Warning
Asynchronous driver check  
DSP design_1_i/ontvangen_controllers/controller_ultrasoon_0/U0/distance_mm1__0 input pin design_1_i/ontvangen_controllers/controller_ultrasoon_0/U0/distance_mm1__0/B[2] is connected to registers with an asynchronous reset. This is preventing the possibility of merging these registers in to the DSP Block since the DSP block registers only possess synchronous reset capability.  It is suggested to recode or change these registers to remove the reset or use a synchronous reset to get the best optimization for performance, power and area.
Related violations: <none>

DPIR-1#26 Warning
Asynchronous driver check  
DSP design_1_i/ontvangen_controllers/controller_ultrasoon_0/U0/distance_mm1__0 input pin design_1_i/ontvangen_controllers/controller_ultrasoon_0/U0/distance_mm1__0/B[3] is connected to registers with an asynchronous reset. This is preventing the possibility of merging these registers in to the DSP Block since the DSP block registers only possess synchronous reset capability.  It is suggested to recode or change these registers to remove the reset or use a synchronous reset to get the best optimization for performance, power and area.
Related violations: <none>

DPIR-1#27 Warning
Asynchronous driver check  
DSP design_1_i/ontvangen_controllers/controller_ultrasoon_0/U0/distance_mm1__0 input pin design_1_i/ontvangen_controllers/controller_ultrasoon_0/U0/distance_mm1__0/B[4] is connected to registers with an asynchronous reset. This is preventing the possibility of merging these registers in to the DSP Block since the DSP block registers only possess synchronous reset capability.  It is suggested to recode or change these registers to remove the reset or use a synchronous reset to get the best optimization for performance, power and area.
Related violations: <none>

DPIR-1#28 Warning
Asynchronous driver check  
DSP design_1_i/ontvangen_controllers/controller_ultrasoon_0/U0/distance_mm1__0 input pin design_1_i/ontvangen_controllers/controller_ultrasoon_0/U0/distance_mm1__0/B[5] is connected to registers with an asynchronous reset. This is preventing the possibility of merging these registers in to the DSP Block since the DSP block registers only possess synchronous reset capability.  It is suggested to recode or change these registers to remove the reset or use a synchronous reset to get the best optimization for performance, power and area.
Related violations: <none>

DPIR-1#29 Warning
Asynchronous driver check  
DSP design_1_i/ontvangen_controllers/controller_ultrasoon_0/U0/distance_mm1__0 input pin design_1_i/ontvangen_controllers/controller_ultrasoon_0/U0/distance_mm1__0/B[6] is connected to registers with an asynchronous reset. This is preventing the possibility of merging these registers in to the DSP Block since the DSP block registers only possess synchronous reset capability.  It is suggested to recode or change these registers to remove the reset or use a synchronous reset to get the best optimization for performance, power and area.
Related violations: <none>

DPIR-1#30 Warning
Asynchronous driver check  
DSP design_1_i/ontvangen_controllers/controller_ultrasoon_0/U0/distance_mm1__0 input pin design_1_i/ontvangen_controllers/controller_ultrasoon_0/U0/distance_mm1__0/B[7] is connected to registers with an asynchronous reset. This is preventing the possibility of merging these registers in to the DSP Block since the DSP block registers only possess synchronous reset capability.  It is suggested to recode or change these registers to remove the reset or use a synchronous reset to get the best optimization for performance, power and area.
Related violations: <none>

DPIR-1#31 Warning
Asynchronous driver check  
DSP design_1_i/ontvangen_controllers/controller_ultrasoon_0/U0/distance_mm1__0 input pin design_1_i/ontvangen_controllers/controller_ultrasoon_0/U0/distance_mm1__0/B[8] is connected to registers with an asynchronous reset. This is preventing the possibility of merging these registers in to the DSP Block since the DSP block registers only possess synchronous reset capability.  It is suggested to recode or change these registers to remove the reset or use a synchronous reset to get the best optimization for performance, power and area.
Related violations: <none>

DPIR-1#32 Warning
Asynchronous driver check  
DSP design_1_i/ontvangen_controllers/controller_ultrasoon_0/U0/distance_mm1__0 input pin design_1_i/ontvangen_controllers/controller_ultrasoon_0/U0/distance_mm1__0/B[9] is connected to registers with an asynchronous reset. This is preventing the possibility of merging these registers in to the DSP Block since the DSP block registers only possess synchronous reset capability.  It is suggested to recode or change these registers to remove the reset or use a synchronous reset to get the best optimization for performance, power and area.
Related violations: <none>

LUTAR-1#1 Warning
LUT drives async reset alert  
LUT cell design_1_i/ontvangen_controllers/controller_ultrasoon_0/U0/FSM_sequential_current_state[1]_i_2, with 2 or more inputs, drives asynchronous preset/clear pin(s) design_1_i/ontvangen_controllers/controller_ultrasoon_0/U0/trigger_timer_value_reg[14]/CLR,
design_1_i/ontvangen_controllers/controller_ultrasoon_0/U0/trigger_timer_value_reg[15]/CLR,
design_1_i/ontvangen_controllers/controller_ultrasoon_0/U0/trigger_timer_value_reg[16]/CLR,
design_1_i/ontvangen_controllers/controller_ultrasoon_0/U0/trigger_timer_value_reg[17]/CLR,
design_1_i/ontvangen_controllers/controller_ultrasoon_0/U0/trigger_timer_value_reg[18]/CLR,
design_1_i/ontvangen_controllers/controller_ultrasoon_0/U0/trigger_timer_value_reg[19]/CLR,
design_1_i/ontvangen_controllers/controller_ultrasoon_0/U0/trigger_timer_value_reg[1]/CLR,
design_1_i/ontvangen_controllers/controller_ultrasoon_0/U0/trigger_timer_value_reg[2]/CLR,
design_1_i/ontvangen_controllers/controller_ultrasoon_0/U0/trigger_timer_value_reg[3]/CLR,
design_1_i/ontvangen_controllers/controller_ultrasoon_0/U0/trigger_timer_value_reg[4]/CLR,
design_1_i/ontvangen_controllers/controller_ultrasoon_0/U0/trigger_timer_value_reg[5]/CLR,
design_1_i/ontvangen_controllers/controller_ultrasoon_0/U0/trigger_timer_value_reg[6]/CLR,
design_1_i/ontvangen_controllers/controller_ultrasoon_0/U0/trigger_timer_value_reg[7]/CLR,
design_1_i/ontvangen_controllers/controller_ultrasoon_0/U0/trigger_timer_value_reg[8]/CLR,
design_1_i/ontvangen_controllers/controller_ultrasoon_0/U0/trigger_timer_value_reg[9]/CLR
 (the first 15 of 48 listed). The LUT may glitch and trigger an unexpected reset, even if it is a properly timed path.
Related violations: <none>

LUTAR-1#2 Warning
LUT drives async reset alert  
LUT cell design_1_i/ontvangen_controllers/controller_ultrasoon_0/U0/counter[0]_i_3, with 2 or more inputs, drives asynchronous preset/clear pin(s) design_1_i/ontvangen_controllers/controller_ultrasoon_0/U0/counter_reg[25]/CLR,
design_1_i/ontvangen_controllers/controller_ultrasoon_0/U0/counter_reg[26]/CLR,
design_1_i/ontvangen_controllers/controller_ultrasoon_0/U0/counter_reg[27]/CLR,
design_1_i/ontvangen_controllers/controller_ultrasoon_0/U0/counter_reg[28]/CLR,
design_1_i/ontvangen_controllers/controller_ultrasoon_0/U0/counter_reg[29]/CLR,
design_1_i/ontvangen_controllers/controller_ultrasoon_0/U0/counter_reg[2]/CLR,
design_1_i/ontvangen_controllers/controller_ultrasoon_0/U0/counter_reg[30]/CLR,
design_1_i/ontvangen_controllers/controller_ultrasoon_0/U0/counter_reg[31]/CLR,
design_1_i/ontvangen_controllers/controller_ultrasoon_0/U0/counter_reg[3]/CLR,
design_1_i/ontvangen_controllers/controller_ultrasoon_0/U0/counter_reg[4]/CLR,
design_1_i/ontvangen_controllers/controller_ultrasoon_0/U0/counter_reg[5]/CLR,
design_1_i/ontvangen_controllers/controller_ultrasoon_0/U0/counter_reg[6]/CLR,
design_1_i/ontvangen_controllers/controller_ultrasoon_0/U0/counter_reg[7]/CLR,
design_1_i/ontvangen_controllers/controller_ultrasoon_0/U0/counter_reg[8]/CLR,
design_1_i/ontvangen_controllers/controller_ultrasoon_0/U0/counter_reg[9]/CLR
 (the first 15 of 32 listed). The LUT may glitch and trigger an unexpected reset, even if it is a properly timed path.
Related violations: <none>

TIMING-20#1 Warning
Non-clocked latch  
The latch design_1_i/ontvangen_controllers/controller_inductief_0/U0/value_reg[0] cannot be properly analyzed as its control pin design_1_i/ontvangen_controllers/controller_inductief_0/U0/value_reg[0]/G is not reached by a timing clock
Related violations: <none>

TIMING-20#2 Warning
Non-clocked latch  
The latch design_1_i/ontvangen_controllers/controller_inductief_0/U0/value_reg[1] cannot be properly analyzed as its control pin design_1_i/ontvangen_controllers/controller_inductief_0/U0/value_reg[1]/G is not reached by a timing clock
Related violations: <none>

TIMING-20#3 Warning
Non-clocked latch  
The latch design_1_i/ontvangen_controllers/controller_inductief_0/U0/value_reg[2] cannot be properly analyzed as its control pin design_1_i/ontvangen_controllers/controller_inductief_0/U0/value_reg[2]/G is not reached by a timing clock
Related violations: <none>

TIMING-20#4 Warning
Non-clocked latch  
The latch design_1_i/ontvangen_controllers/controller_inductief_0/U0/value_reg[3] cannot be properly analyzed as its control pin design_1_i/ontvangen_controllers/controller_inductief_0/U0/value_reg[3]/G is not reached by a timing clock
Related violations: <none>

TIMING-20#5 Warning
Non-clocked latch  
The latch design_1_i/ontvangen_controllers/controller_inductief_0/U0/value_reg[4] cannot be properly analyzed as its control pin design_1_i/ontvangen_controllers/controller_inductief_0/U0/value_reg[4]/G is not reached by a timing clock
Related violations: <none>

TIMING-20#6 Warning
Non-clocked latch  
The latch design_1_i/ontvangen_controllers/controller_inductief_0/U0/value_reg[5] cannot be properly analyzed as its control pin design_1_i/ontvangen_controllers/controller_inductief_0/U0/value_reg[5]/G is not reached by a timing clock
Related violations: <none>

TIMING-20#7 Warning
Non-clocked latch  
The latch design_1_i/ontvangen_controllers/controller_inductief_0/U0/value_reg[6] cannot be properly analyzed as its control pin design_1_i/ontvangen_controllers/controller_inductief_0/U0/value_reg[6]/G is not reached by a timing clock
Related violations: <none>

TIMING-20#8 Warning
Non-clocked latch  
The latch design_1_i/ontvangen_controllers/controller_inductief_0/U0/value_reg[7] cannot be properly analyzed as its control pin design_1_i/ontvangen_controllers/controller_inductief_0/U0/value_reg[7]/G is not reached by a timing clock
Related violations: <none>

TIMING-20#9 Warning
Non-clocked latch  
The latch design_1_i/ontvangen_controllers/controller_inductief_0/U0/value_reg[8] cannot be properly analyzed as its control pin design_1_i/ontvangen_controllers/controller_inductief_0/U0/value_reg[8]/G is not reached by a timing clock
Related violations: <none>

TIMING-20#10 Warning
Non-clocked latch  
The latch design_1_i/ontvangen_controllers/controller_ultrasoon_0/U0/counter_reset_reg cannot be properly analyzed as its control pin design_1_i/ontvangen_controllers/controller_ultrasoon_0/U0/counter_reset_reg/G is not reached by a timing clock
Related violations: <none>

TIMING-20#11 Warning
Non-clocked latch  
The latch design_1_i/ontvangen_controllers/controller_ultrasoon_0/U0/distance_mm_reg[0] cannot be properly analyzed as its control pin design_1_i/ontvangen_controllers/controller_ultrasoon_0/U0/distance_mm_reg[0]/G is not reached by a timing clock
Related violations: <none>

TIMING-20#12 Warning
Non-clocked latch  
The latch design_1_i/ontvangen_controllers/controller_ultrasoon_0/U0/distance_mm_reg[10] cannot be properly analyzed as its control pin design_1_i/ontvangen_controllers/controller_ultrasoon_0/U0/distance_mm_reg[10]/G is not reached by a timing clock
Related violations: <none>

TIMING-20#13 Warning
Non-clocked latch  
The latch design_1_i/ontvangen_controllers/controller_ultrasoon_0/U0/distance_mm_reg[11] cannot be properly analyzed as its control pin design_1_i/ontvangen_controllers/controller_ultrasoon_0/U0/distance_mm_reg[11]/G is not reached by a timing clock
Related violations: <none>

TIMING-20#14 Warning
Non-clocked latch  
The latch design_1_i/ontvangen_controllers/controller_ultrasoon_0/U0/distance_mm_reg[12] cannot be properly analyzed as its control pin design_1_i/ontvangen_controllers/controller_ultrasoon_0/U0/distance_mm_reg[12]/G is not reached by a timing clock
Related violations: <none>

TIMING-20#15 Warning
Non-clocked latch  
The latch design_1_i/ontvangen_controllers/controller_ultrasoon_0/U0/distance_mm_reg[13] cannot be properly analyzed as its control pin design_1_i/ontvangen_controllers/controller_ultrasoon_0/U0/distance_mm_reg[13]/G is not reached by a timing clock
Related violations: <none>

TIMING-20#16 Warning
Non-clocked latch  
The latch design_1_i/ontvangen_controllers/controller_ultrasoon_0/U0/distance_mm_reg[14] cannot be properly analyzed as its control pin design_1_i/ontvangen_controllers/controller_ultrasoon_0/U0/distance_mm_reg[14]/G is not reached by a timing clock
Related violations: <none>

TIMING-20#17 Warning
Non-clocked latch  
The latch design_1_i/ontvangen_controllers/controller_ultrasoon_0/U0/distance_mm_reg[15] cannot be properly analyzed as its control pin design_1_i/ontvangen_controllers/controller_ultrasoon_0/U0/distance_mm_reg[15]/G is not reached by a timing clock
Related violations: <none>

TIMING-20#18 Warning
Non-clocked latch  
The latch design_1_i/ontvangen_controllers/controller_ultrasoon_0/U0/distance_mm_reg[1] cannot be properly analyzed as its control pin design_1_i/ontvangen_controllers/controller_ultrasoon_0/U0/distance_mm_reg[1]/G is not reached by a timing clock
Related violations: <none>

TIMING-20#19 Warning
Non-clocked latch  
The latch design_1_i/ontvangen_controllers/controller_ultrasoon_0/U0/distance_mm_reg[2] cannot be properly analyzed as its control pin design_1_i/ontvangen_controllers/controller_ultrasoon_0/U0/distance_mm_reg[2]/G is not reached by a timing clock
Related violations: <none>

TIMING-20#20 Warning
Non-clocked latch  
The latch design_1_i/ontvangen_controllers/controller_ultrasoon_0/U0/distance_mm_reg[3] cannot be properly analyzed as its control pin design_1_i/ontvangen_controllers/controller_ultrasoon_0/U0/distance_mm_reg[3]/G is not reached by a timing clock
Related violations: <none>

TIMING-20#21 Warning
Non-clocked latch  
The latch design_1_i/ontvangen_controllers/controller_ultrasoon_0/U0/distance_mm_reg[4] cannot be properly analyzed as its control pin design_1_i/ontvangen_controllers/controller_ultrasoon_0/U0/distance_mm_reg[4]/G is not reached by a timing clock
Related violations: <none>

TIMING-20#22 Warning
Non-clocked latch  
The latch design_1_i/ontvangen_controllers/controller_ultrasoon_0/U0/distance_mm_reg[5] cannot be properly analyzed as its control pin design_1_i/ontvangen_controllers/controller_ultrasoon_0/U0/distance_mm_reg[5]/G is not reached by a timing clock
Related violations: <none>

TIMING-20#23 Warning
Non-clocked latch  
The latch design_1_i/ontvangen_controllers/controller_ultrasoon_0/U0/distance_mm_reg[6] cannot be properly analyzed as its control pin design_1_i/ontvangen_controllers/controller_ultrasoon_0/U0/distance_mm_reg[6]/G is not reached by a timing clock
Related violations: <none>

TIMING-20#24 Warning
Non-clocked latch  
The latch design_1_i/ontvangen_controllers/controller_ultrasoon_0/U0/distance_mm_reg[7] cannot be properly analyzed as its control pin design_1_i/ontvangen_controllers/controller_ultrasoon_0/U0/distance_mm_reg[7]/G is not reached by a timing clock
Related violations: <none>

TIMING-20#25 Warning
Non-clocked latch  
The latch design_1_i/ontvangen_controllers/controller_ultrasoon_0/U0/distance_mm_reg[8] cannot be properly analyzed as its control pin design_1_i/ontvangen_controllers/controller_ultrasoon_0/U0/distance_mm_reg[8]/G is not reached by a timing clock
Related violations: <none>

TIMING-20#26 Warning
Non-clocked latch  
The latch design_1_i/ontvangen_controllers/controller_ultrasoon_0/U0/distance_mm_reg[9] cannot be properly analyzed as its control pin design_1_i/ontvangen_controllers/controller_ultrasoon_0/U0/distance_mm_reg[9]/G is not reached by a timing clock
Related violations: <none>

TIMING-20#27 Warning
Non-clocked latch  
The latch design_1_i/ontvangen_controllers/controller_ultrasoon_0/U0/go_to_next_reg cannot be properly analyzed as its control pin design_1_i/ontvangen_controllers/controller_ultrasoon_0/U0/go_to_next_reg/G is not reached by a timing clock
Related violations: <none>

TIMING-20#28 Warning
Non-clocked latch  
The latch design_1_i/ontvangen_controllers/controller_ultrasoon_0/U0/trigger_enable_reg cannot be properly analyzed as its control pin design_1_i/ontvangen_controllers/controller_ultrasoon_0/U0/trigger_enable_reg/G is not reached by a timing clock
Related violations: <none>

LATCH-1#1 Advisory
Existing latches in the design  
There are 28 latches found in the design. Inferred latches are often the result of HDL coding mistakes, such as incomplete if or case statements.
Related violations: <none>


