
*** Running vivado
    with args -log design_1_tekenen_object_0_0.vds -m64 -product Vivado -mode batch -messageDb vivado.pb -notrace -source design_1_tekenen_object_0_0.tcl



****** Vivado v2023.1 (64-bit)
  **** SW Build 3865809 on Sun May  7 15:05:29 MDT 2023
  **** IP Build 3864474 on Sun May  7 20:36:21 MDT 2023
  **** SharedData Build 3865790 on Sun May 07 13:33:03 MDT 2023
    ** Copyright 1986-2022 Xilinx, Inc. All Rights Reserved.
    ** Copyright 2022-2023 Advanced Micro Devices, Inc. All Rights Reserved.

source design_1_tekenen_object_0_0.tcl -notrace
create_project: Time (s): cpu = 00:00:11 ; elapsed = 00:00:14 . Memory (MB): peak = 1363.293 ; gain = 156.941
INFO: [IP_Flow 19-234] Refreshing IP repositories
INFO: [IP_Flow 19-1704] No user IP repositories specified
INFO: [IP_Flow 19-2313] Loaded Vivado IP repository 'D:/Xilinx/Vivado/2023.1/data/ip'.
INFO: [IP_Flow 19-6924] IPCACHE: Running cache check for IP inst: design_1_tekenen_object_0_0
INFO: [IP_Flow 19-6922] IPCACHE: Exporting cached entry 1ddd944c9eb8de3d to dir: D:/Vivado/mo6-digitaal-totaal/mo6-digitaal-pong.runs/design_1_tekenen_object_0_0_synth_1
INFO: [IP_Flow 19-6928] IPCACHE: copied cached file d:/Vivado/mo6-digitaal-totaal/mo6-digitaal-pong.cache/ip/2023.1/1/d/1ddd944c9eb8de3d/design_1_tekenen_object_0_1.dcp to D:/Vivado/mo6-digitaal-totaal/mo6-digitaal-pong.runs/design_1_tekenen_object_0_0_synth_1/design_1_tekenen_object_0_0.dcp.
INFO: [IP_Flow 19-6928] IPCACHE: copied cached file d:/Vivado/mo6-digitaal-totaal/mo6-digitaal-pong.cache/ip/2023.1/1/d/1ddd944c9eb8de3d/design_1_tekenen_object_0_1_sim_netlist.v to D:/Vivado/mo6-digitaal-totaal/mo6-digitaal-pong.runs/design_1_tekenen_object_0_0_synth_1/design_1_tekenen_object_0_0_sim_netlist.v.
INFO: [IP_Flow 19-6928] IPCACHE: copied cached file d:/Vivado/mo6-digitaal-totaal/mo6-digitaal-pong.cache/ip/2023.1/1/d/1ddd944c9eb8de3d/design_1_tekenen_object_0_1_sim_netlist.vhdl to D:/Vivado/mo6-digitaal-totaal/mo6-digitaal-pong.runs/design_1_tekenen_object_0_0_synth_1/design_1_tekenen_object_0_0_sim_netlist.vhdl.
INFO: [IP_Flow 19-6928] IPCACHE: copied cached file d:/Vivado/mo6-digitaal-totaal/mo6-digitaal-pong.cache/ip/2023.1/1/d/1ddd944c9eb8de3d/design_1_tekenen_object_0_1_stub.v to D:/Vivado/mo6-digitaal-totaal/mo6-digitaal-pong.runs/design_1_tekenen_object_0_0_synth_1/design_1_tekenen_object_0_0_stub.v.
INFO: [IP_Flow 19-6928] IPCACHE: copied cached file d:/Vivado/mo6-digitaal-totaal/mo6-digitaal-pong.cache/ip/2023.1/1/d/1ddd944c9eb8de3d/design_1_tekenen_object_0_1_stub.vhdl to D:/Vivado/mo6-digitaal-totaal/mo6-digitaal-pong.runs/design_1_tekenen_object_0_0_synth_1/design_1_tekenen_object_0_0_stub.vhdl.
INFO: [IP_Flow 19-4838] Using cached IP synthesis design for IP design_1_tekenen_object_0_0, cache-ID = 1ddd944c9eb8de3d.
INFO: [Common 17-206] Exiting Vivado at Wed Jan 24 02:15:12 2024...
